Classic Timing Analyzer report for hw2
Sun Apr 20 15:13:12 2025
Quartus II Version 9.0 Build 235 06/17/2009 Service Pack 2 SJ Web Edition


---------------------
; Table of Contents ;
---------------------
  1. Legal Notice
  2. Timing Analyzer Summary
  3. Timing Analyzer Settings
  4. Clock Settings Summary
  5. Parallel Compilation
  6. Clock Setup: 'clk'
  7. tsu
  8. tco
  9. th
 10. Timing Analyzer Messages



----------------
; Legal Notice ;
----------------
Copyright (C) 1991-2009 Altera Corporation
Your use of Altera Corporation's design tools, logic functions 
and other software and tools, and its AMPP partner logic 
functions, and any output files from any of the foregoing 
(including device programming or simulation files), and any 
associated documentation or information are expressly subject 
to the terms and conditions of the Altera Program License 
Subscription Agreement, Altera MegaCore Function License 
Agreement, or other applicable license agreement, including, 
without limitation, that your use is for the sole purpose of 
programming logic devices manufactured by Altera and sold by 
Altera or its authorized distributors.  Please refer to the 
applicable agreement for further details.



+----------------------------------------------------------------------------------------------------------------------------------------------------------------------------------------------+
; Timing Analyzer Summary                                                                                                                                                                      ;
+------------------------------+-------+---------------+----------------------------------+------------------------------+------------------------------+------------+----------+--------------+
; Type                         ; Slack ; Required Time ; Actual Time                      ; From                         ; To                           ; From Clock ; To Clock ; Failed Paths ;
+------------------------------+-------+---------------+----------------------------------+------------------------------+------------------------------+------------+----------+--------------+
; Worst-case tsu               ; N/A   ; None          ; 3.804 ns                         ; B[2]                         ; D_FF:DFF_B|Q[2]~_Duplicate_1 ; --         ; clk      ; 0            ;
; Worst-case tco               ; N/A   ; None          ; 7.412 ns                         ; D_FF:DFF_Y|Q[0]              ; Y[0]                         ; clk        ; --       ; 0            ;
; Worst-case th                ; N/A   ; None          ; -2.407 ns                        ; B[6]                         ; D_FF:DFF_B|Q[6]~_Duplicate_1 ; --         ; clk      ; 0            ;
; Clock Setup: 'clk'           ; N/A   ; None          ; 82.61 MHz ( period = 12.105 ns ) ; D_FF:DFF_A|Q[7]~_Duplicate_1 ; D_FF:DFF_Y|Q[7]              ; clk        ; clk      ; 0            ;
; Total number of failed paths ;       ;               ;                                  ;                              ;                              ;            ;          ; 0            ;
+------------------------------+-------+---------------+----------------------------------+------------------------------+------------------------------+------------+----------+--------------+


+--------------------------------------------------------------------------------------------------------------------+
; Timing Analyzer Settings                                                                                           ;
+---------------------------------------------------------------------+--------------------+------+----+-------------+
; Option                                                              ; Setting            ; From ; To ; Entity Name ;
+---------------------------------------------------------------------+--------------------+------+----+-------------+
; Device Name                                                         ; EP2S15F484C3       ;      ;    ;             ;
; Timing Models                                                       ; Final              ;      ;    ;             ;
; Default hold multicycle                                             ; Same as Multicycle ;      ;    ;             ;
; Cut paths between unrelated clock domains                           ; On                 ;      ;    ;             ;
; Cut off read during write signal paths                              ; On                 ;      ;    ;             ;
; Cut off feedback from I/O pins                                      ; On                 ;      ;    ;             ;
; Report Combined Fast/Slow Timing                                    ; Off                ;      ;    ;             ;
; Ignore Clock Settings                                               ; Off                ;      ;    ;             ;
; Analyze latches as synchronous elements                             ; On                 ;      ;    ;             ;
; Enable Recovery/Removal analysis                                    ; Off                ;      ;    ;             ;
; Enable Clock Latency                                                ; Off                ;      ;    ;             ;
; Use TimeQuest Timing Analyzer                                       ; Off                ;      ;    ;             ;
; Number of source nodes to report per destination node               ; 10                 ;      ;    ;             ;
; Number of destination nodes to report                               ; 10                 ;      ;    ;             ;
; Number of paths to report                                           ; 200                ;      ;    ;             ;
; Report Minimum Timing Checks                                        ; Off                ;      ;    ;             ;
; Use Fast Timing Models                                              ; Off                ;      ;    ;             ;
; Report IO Paths Separately                                          ; Off                ;      ;    ;             ;
; Perform Multicorner Analysis                                        ; On                 ;      ;    ;             ;
; Reports the worst-case path for each clock domain and analysis      ; Off                ;      ;    ;             ;
; Removes common clock path pessimism (CCPP) during slack computation ; Off                ;      ;    ;             ;
; Output I/O Timing Endpoint                                          ; Near End           ;      ;    ;             ;
+---------------------------------------------------------------------+--------------------+------+----+-------------+


+------------------------------------------------------------------------------------------------------------------------------------------------------------------------------------+
; Clock Settings Summary                                                                                                                                                             ;
+-----------------+--------------------+----------+------------------+---------------+--------------+----------+-----------------------+---------------------+--------+--------------+
; Clock Node Name ; Clock Setting Name ; Type     ; Fmax Requirement ; Early Latency ; Late Latency ; Based on ; Multiply Base Fmax by ; Divide Base Fmax by ; Offset ; Phase offset ;
+-----------------+--------------------+----------+------------------+---------------+--------------+----------+-----------------------+---------------------+--------+--------------+
; clk             ;                    ; User Pin ; None             ; 0.000 ns      ; 0.000 ns     ; --       ; N/A                   ; N/A                 ; N/A    ;              ;
+-----------------+--------------------+----------+------------------+---------------+--------------+----------+-----------------------+---------------------+--------+--------------+


Parallel compilation was disabled, but you have multiple processors available. Enable parallel compilation to reduce compilation time.
+-------------------------------------+
; Parallel Compilation                ;
+----------------------------+--------+
; Processors                 ; Number ;
+----------------------------+--------+
; Number detected on machine ; 14     ;
; Maximum allowed            ; 1      ;
+----------------------------+--------+


+-------------------------------------------------------------------------------------------------------------------------------------------------------------------------------------------------------------------------------------------------------------+
; Clock Setup: 'clk'                                                                                                                                                                                                                                          ;
+-----------------------------------------+-----------------------------------------------------+------------------------------+------------------+------------+----------+-----------------------------+---------------------------+-------------------------+
; Slack                                   ; Actual fmax (period)                                ; From                         ; To               ; From Clock ; To Clock ; Required Setup Relationship ; Required Longest P2P Time ; Actual Longest P2P Time ;
+-----------------------------------------+-----------------------------------------------------+------------------------------+------------------+------------+----------+-----------------------------+---------------------------+-------------------------+
; N/A                                     ; 82.61 MHz ( period = 12.105 ns )                    ; D_FF:DFF_A|Q[7]~_Duplicate_1 ; D_FF:DFF_Y|Q[7]  ; clk        ; clk      ; None                        ; None                      ; 11.918 ns               ;
; N/A                                     ; 82.67 MHz ( period = 12.096 ns )                    ; D_FF:DFF_B|Q[0]~_Duplicate_1 ; D_FF:DFF_Y|Q[7]  ; clk        ; clk      ; None                        ; None                      ; 11.910 ns               ;
; N/A                                     ; 83.24 MHz ( period = 12.014 ns )                    ; D_FF:DFF_B|Q[3]~_Duplicate_1 ; D_FF:DFF_Y|Q[7]  ; clk        ; clk      ; None                        ; None                      ; 11.835 ns               ;
; N/A                                     ; 83.51 MHz ( period = 11.974 ns )                    ; D_FF:DFF_B|Q[6]~_Duplicate_1 ; D_FF:DFF_Y|Q[7]  ; clk        ; clk      ; None                        ; None                      ; 11.789 ns               ;
; N/A                                     ; 83.52 MHz ( period = 11.973 ns )                    ; D_FF:DFF_B|Q[4]~_Duplicate_1 ; D_FF:DFF_Y|Q[7]  ; clk        ; clk      ; None                        ; None                      ; 11.786 ns               ;
; N/A                                     ; 83.72 MHz ( period = 11.945 ns )                    ; D_FF:DFF_A|Q[7]~_Duplicate_1 ; D_FF:DFF_Y|Q[3]  ; clk        ; clk      ; None                        ; None                      ; 11.758 ns               ;
; N/A                                     ; 83.78 MHz ( period = 11.936 ns )                    ; D_FF:DFF_B|Q[0]~_Duplicate_1 ; D_FF:DFF_Y|Q[3]  ; clk        ; clk      ; None                        ; None                      ; 11.750 ns               ;
; N/A                                     ; 84.32 MHz ( period = 11.860 ns )                    ; D_FF:DFF_B|Q[7]~_Duplicate_1 ; D_FF:DFF_Y|Q[7]  ; clk        ; clk      ; None                        ; None                      ; 11.675 ns               ;
; N/A                                     ; 84.36 MHz ( period = 11.854 ns )                    ; D_FF:DFF_B|Q[3]~_Duplicate_1 ; D_FF:DFF_Y|Q[3]  ; clk        ; clk      ; None                        ; None                      ; 11.675 ns               ;
; N/A                                     ; 84.65 MHz ( period = 11.814 ns )                    ; D_FF:DFF_B|Q[6]~_Duplicate_1 ; D_FF:DFF_Y|Q[3]  ; clk        ; clk      ; None                        ; None                      ; 11.629 ns               ;
; N/A                                     ; 84.65 MHz ( period = 11.813 ns )                    ; D_FF:DFF_B|Q[4]~_Duplicate_1 ; D_FF:DFF_Y|Q[3]  ; clk        ; clk      ; None                        ; None                      ; 11.626 ns               ;
; N/A                                     ; 85.08 MHz ( period = 11.754 ns )                    ; D_FF:DFF_B|Q[5]~_Duplicate_1 ; D_FF:DFF_Y|Q[7]  ; clk        ; clk      ; None                        ; None                      ; 11.568 ns               ;
; N/A                                     ; 85.47 MHz ( period = 11.700 ns )                    ; D_FF:DFF_B|Q[7]~_Duplicate_1 ; D_FF:DFF_Y|Q[3]  ; clk        ; clk      ; None                        ; None                      ; 11.515 ns               ;
; N/A                                     ; 85.47 MHz ( period = 11.700 ns )                    ; D_FF:DFF_A|Q[7]~_Duplicate_1 ; D_FF:DFF_Y|Q[4]  ; clk        ; clk      ; None                        ; None                      ; 11.515 ns               ;
; N/A                                     ; 85.54 MHz ( period = 11.691 ns )                    ; D_FF:DFF_B|Q[0]~_Duplicate_1 ; D_FF:DFF_Y|Q[4]  ; clk        ; clk      ; None                        ; None                      ; 11.507 ns               ;
; N/A                                     ; 85.60 MHz ( period = 11.682 ns )                    ; D_FF:DFF_A|Q[7]~_Duplicate_1 ; D_FF:DFF_Y|Q[2]  ; clk        ; clk      ; None                        ; None                      ; 11.497 ns               ;
; N/A                                     ; 85.61 MHz ( period = 11.681 ns )                    ; D_FF:DFF_A|Q[7]~_Duplicate_1 ; D_FF:DFF_Y|Q[6]  ; clk        ; clk      ; None                        ; None                      ; 11.496 ns               ;
; N/A                                     ; 85.63 MHz ( period = 11.678 ns )                    ; D_FF:DFF_A|Q[7]~_Duplicate_1 ; D_FF:DFF_Y|Q[1]  ; clk        ; clk      ; None                        ; None                      ; 11.493 ns               ;
; N/A                                     ; 85.67 MHz ( period = 11.673 ns )                    ; D_FF:DFF_B|Q[0]~_Duplicate_1 ; D_FF:DFF_Y|Q[2]  ; clk        ; clk      ; None                        ; None                      ; 11.489 ns               ;
; N/A                                     ; 85.68 MHz ( period = 11.672 ns )                    ; D_FF:DFF_B|Q[0]~_Duplicate_1 ; D_FF:DFF_Y|Q[6]  ; clk        ; clk      ; None                        ; None                      ; 11.488 ns               ;
; N/A                                     ; 85.70 MHz ( period = 11.669 ns )                    ; D_FF:DFF_B|Q[0]~_Duplicate_1 ; D_FF:DFF_Y|Q[1]  ; clk        ; clk      ; None                        ; None                      ; 11.485 ns               ;
; N/A                                     ; 85.71 MHz ( period = 11.667 ns )                    ; D_FF:DFF_A|Q[7]~_Duplicate_1 ; D_FF:DFF_Y|Q[0]  ; clk        ; clk      ; None                        ; None                      ; 11.480 ns               ;
; N/A                                     ; 85.78 MHz ( period = 11.658 ns )                    ; D_FF:DFF_B|Q[0]~_Duplicate_1 ; D_FF:DFF_Y|Q[0]  ; clk        ; clk      ; None                        ; None                      ; 11.472 ns               ;
; N/A                                     ; 86.14 MHz ( period = 11.609 ns )                    ; D_FF:DFF_B|Q[3]~_Duplicate_1 ; D_FF:DFF_Y|Q[4]  ; clk        ; clk      ; None                        ; None                      ; 11.432 ns               ;
; N/A                                     ; 86.25 MHz ( period = 11.594 ns )                    ; D_FF:DFF_B|Q[5]~_Duplicate_1 ; D_FF:DFF_Y|Q[3]  ; clk        ; clk      ; None                        ; None                      ; 11.408 ns               ;
; N/A                                     ; 86.27 MHz ( period = 11.591 ns )                    ; D_FF:DFF_B|Q[3]~_Duplicate_1 ; D_FF:DFF_Y|Q[2]  ; clk        ; clk      ; None                        ; None                      ; 11.414 ns               ;
; N/A                                     ; 86.28 MHz ( period = 11.590 ns )                    ; D_FF:DFF_B|Q[3]~_Duplicate_1 ; D_FF:DFF_Y|Q[6]  ; clk        ; clk      ; None                        ; None                      ; 11.413 ns               ;
; N/A                                     ; 86.30 MHz ( period = 11.587 ns )                    ; D_FF:DFF_B|Q[3]~_Duplicate_1 ; D_FF:DFF_Y|Q[1]  ; clk        ; clk      ; None                        ; None                      ; 11.410 ns               ;
; N/A                                     ; 86.39 MHz ( period = 11.576 ns )                    ; D_FF:DFF_B|Q[3]~_Duplicate_1 ; D_FF:DFF_Y|Q[0]  ; clk        ; clk      ; None                        ; None                      ; 11.397 ns               ;
; N/A                                     ; 86.44 MHz ( period = 11.569 ns )                    ; D_FF:DFF_B|Q[6]~_Duplicate_1 ; D_FF:DFF_Y|Q[4]  ; clk        ; clk      ; None                        ; None                      ; 11.386 ns               ;
; N/A                                     ; 86.45 MHz ( period = 11.568 ns )                    ; D_FF:DFF_B|Q[4]~_Duplicate_1 ; D_FF:DFF_Y|Q[4]  ; clk        ; clk      ; None                        ; None                      ; 11.383 ns               ;
; N/A                                     ; 86.57 MHz ( period = 11.551 ns )                    ; D_FF:DFF_B|Q[6]~_Duplicate_1 ; D_FF:DFF_Y|Q[2]  ; clk        ; clk      ; None                        ; None                      ; 11.368 ns               ;
; N/A                                     ; 86.58 MHz ( period = 11.550 ns )                    ; D_FF:DFF_B|Q[4]~_Duplicate_1 ; D_FF:DFF_Y|Q[2]  ; clk        ; clk      ; None                        ; None                      ; 11.365 ns               ;
; N/A                                     ; 86.58 MHz ( period = 11.550 ns )                    ; D_FF:DFF_B|Q[6]~_Duplicate_1 ; D_FF:DFF_Y|Q[6]  ; clk        ; clk      ; None                        ; None                      ; 11.367 ns               ;
; N/A                                     ; 86.59 MHz ( period = 11.549 ns )                    ; D_FF:DFF_B|Q[4]~_Duplicate_1 ; D_FF:DFF_Y|Q[6]  ; clk        ; clk      ; None                        ; None                      ; 11.364 ns               ;
; N/A                                     ; 86.60 MHz ( period = 11.547 ns )                    ; D_FF:DFF_B|Q[6]~_Duplicate_1 ; D_FF:DFF_Y|Q[1]  ; clk        ; clk      ; None                        ; None                      ; 11.364 ns               ;
; N/A                                     ; 86.61 MHz ( period = 11.546 ns )                    ; D_FF:DFF_B|Q[4]~_Duplicate_1 ; D_FF:DFF_Y|Q[1]  ; clk        ; clk      ; None                        ; None                      ; 11.361 ns               ;
; N/A                                     ; 86.69 MHz ( period = 11.536 ns )                    ; D_FF:DFF_B|Q[6]~_Duplicate_1 ; D_FF:DFF_Y|Q[0]  ; clk        ; clk      ; None                        ; None                      ; 11.351 ns               ;
; N/A                                     ; 86.69 MHz ( period = 11.535 ns )                    ; D_FF:DFF_B|Q[4]~_Duplicate_1 ; D_FF:DFF_Y|Q[0]  ; clk        ; clk      ; None                        ; None                      ; 11.348 ns               ;
; N/A                                     ; 86.89 MHz ( period = 11.509 ns )                    ; D_FF:DFF_A|Q[7]~_Duplicate_1 ; D_FF:DFF_Y|Q[5]  ; clk        ; clk      ; None                        ; None                      ; 11.322 ns               ;
; N/A                                     ; 86.96 MHz ( period = 11.500 ns )                    ; D_FF:DFF_B|Q[0]~_Duplicate_1 ; D_FF:DFF_Y|Q[5]  ; clk        ; clk      ; None                        ; None                      ; 11.314 ns               ;
; N/A                                     ; 87.30 MHz ( period = 11.455 ns )                    ; D_FF:DFF_B|Q[7]~_Duplicate_1 ; D_FF:DFF_Y|Q[4]  ; clk        ; clk      ; None                        ; None                      ; 11.272 ns               ;
; N/A                                     ; 87.44 MHz ( period = 11.437 ns )                    ; D_FF:DFF_B|Q[7]~_Duplicate_1 ; D_FF:DFF_Y|Q[2]  ; clk        ; clk      ; None                        ; None                      ; 11.254 ns               ;
; N/A                                     ; 87.44 MHz ( period = 11.436 ns )                    ; D_FF:DFF_B|Q[7]~_Duplicate_1 ; D_FF:DFF_Y|Q[6]  ; clk        ; clk      ; None                        ; None                      ; 11.253 ns               ;
; N/A                                     ; 87.47 MHz ( period = 11.433 ns )                    ; D_FF:DFF_B|Q[7]~_Duplicate_1 ; D_FF:DFF_Y|Q[1]  ; clk        ; clk      ; None                        ; None                      ; 11.250 ns               ;
; N/A                                     ; 87.55 MHz ( period = 11.422 ns )                    ; D_FF:DFF_B|Q[7]~_Duplicate_1 ; D_FF:DFF_Y|Q[0]  ; clk        ; clk      ; None                        ; None                      ; 11.237 ns               ;
; N/A                                     ; 87.58 MHz ( period = 11.418 ns )                    ; D_FF:DFF_B|Q[3]~_Duplicate_1 ; D_FF:DFF_Y|Q[5]  ; clk        ; clk      ; None                        ; None                      ; 11.239 ns               ;
; N/A                                     ; 87.89 MHz ( period = 11.378 ns )                    ; D_FF:DFF_B|Q[6]~_Duplicate_1 ; D_FF:DFF_Y|Q[5]  ; clk        ; clk      ; None                        ; None                      ; 11.193 ns               ;
; N/A                                     ; 87.90 MHz ( period = 11.377 ns )                    ; D_FF:DFF_B|Q[4]~_Duplicate_1 ; D_FF:DFF_Y|Q[5]  ; clk        ; clk      ; None                        ; None                      ; 11.190 ns               ;
; N/A                                     ; 88.11 MHz ( period = 11.349 ns )                    ; D_FF:DFF_B|Q[5]~_Duplicate_1 ; D_FF:DFF_Y|Q[4]  ; clk        ; clk      ; None                        ; None                      ; 11.165 ns               ;
; N/A                                     ; 88.19 MHz ( period = 11.339 ns )                    ; D_FF:DFF_B|Q[2]~_Duplicate_1 ; D_FF:DFF_Y|Q[7]  ; clk        ; clk      ; None                        ; None                      ; 11.153 ns               ;
; N/A                                     ; 88.25 MHz ( period = 11.331 ns )                    ; D_FF:DFF_B|Q[5]~_Duplicate_1 ; D_FF:DFF_Y|Q[2]  ; clk        ; clk      ; None                        ; None                      ; 11.147 ns               ;
; N/A                                     ; 88.26 MHz ( period = 11.330 ns )                    ; D_FF:DFF_B|Q[5]~_Duplicate_1 ; D_FF:DFF_Y|Q[6]  ; clk        ; clk      ; None                        ; None                      ; 11.146 ns               ;
; N/A                                     ; 88.28 MHz ( period = 11.327 ns )                    ; D_FF:DFF_B|Q[5]~_Duplicate_1 ; D_FF:DFF_Y|Q[1]  ; clk        ; clk      ; None                        ; None                      ; 11.143 ns               ;
; N/A                                     ; 88.32 MHz ( period = 11.322 ns )                    ; D_FF:DFF_B|Q[1]~_Duplicate_1 ; D_FF:DFF_Y|Q[7]  ; clk        ; clk      ; None                        ; None                      ; 11.136 ns               ;
; N/A                                     ; 88.37 MHz ( period = 11.316 ns )                    ; D_FF:DFF_B|Q[5]~_Duplicate_1 ; D_FF:DFF_Y|Q[0]  ; clk        ; clk      ; None                        ; None                      ; 11.130 ns               ;
; N/A                                     ; 88.78 MHz ( period = 11.264 ns )                    ; D_FF:DFF_B|Q[7]~_Duplicate_1 ; D_FF:DFF_Y|Q[5]  ; clk        ; clk      ; None                        ; None                      ; 11.079 ns               ;
; N/A                                     ; 89.45 MHz ( period = 11.179 ns )                    ; D_FF:DFF_B|Q[2]~_Duplicate_1 ; D_FF:DFF_Y|Q[3]  ; clk        ; clk      ; None                        ; None                      ; 10.993 ns               ;
; N/A                                     ; 89.59 MHz ( period = 11.162 ns )                    ; D_FF:DFF_B|Q[1]~_Duplicate_1 ; D_FF:DFF_Y|Q[3]  ; clk        ; clk      ; None                        ; None                      ; 10.976 ns               ;
; N/A                                     ; 89.62 MHz ( period = 11.158 ns )                    ; D_FF:DFF_B|Q[5]~_Duplicate_1 ; D_FF:DFF_Y|Q[5]  ; clk        ; clk      ; None                        ; None                      ; 10.972 ns               ;
; N/A                                     ; 91.46 MHz ( period = 10.934 ns )                    ; D_FF:DFF_B|Q[2]~_Duplicate_1 ; D_FF:DFF_Y|Q[4]  ; clk        ; clk      ; None                        ; None                      ; 10.750 ns               ;
; N/A                                     ; 91.60 MHz ( period = 10.917 ns )                    ; D_FF:DFF_B|Q[1]~_Duplicate_1 ; D_FF:DFF_Y|Q[4]  ; clk        ; clk      ; None                        ; None                      ; 10.733 ns               ;
; N/A                                     ; 91.61 MHz ( period = 10.916 ns )                    ; D_FF:DFF_B|Q[2]~_Duplicate_1 ; D_FF:DFF_Y|Q[2]  ; clk        ; clk      ; None                        ; None                      ; 10.732 ns               ;
; N/A                                     ; 91.62 MHz ( period = 10.915 ns )                    ; D_FF:DFF_B|Q[2]~_Duplicate_1 ; D_FF:DFF_Y|Q[6]  ; clk        ; clk      ; None                        ; None                      ; 10.731 ns               ;
; N/A                                     ; 91.64 MHz ( period = 10.912 ns )                    ; D_FF:DFF_B|Q[2]~_Duplicate_1 ; D_FF:DFF_Y|Q[1]  ; clk        ; clk      ; None                        ; None                      ; 10.728 ns               ;
; N/A                                     ; 91.73 MHz ( period = 10.901 ns )                    ; D_FF:DFF_B|Q[2]~_Duplicate_1 ; D_FF:DFF_Y|Q[0]  ; clk        ; clk      ; None                        ; None                      ; 10.715 ns               ;
; N/A                                     ; 91.75 MHz ( period = 10.899 ns )                    ; D_FF:DFF_B|Q[1]~_Duplicate_1 ; D_FF:DFF_Y|Q[2]  ; clk        ; clk      ; None                        ; None                      ; 10.715 ns               ;
; N/A                                     ; 91.76 MHz ( period = 10.898 ns )                    ; D_FF:DFF_B|Q[1]~_Duplicate_1 ; D_FF:DFF_Y|Q[6]  ; clk        ; clk      ; None                        ; None                      ; 10.714 ns               ;
; N/A                                     ; 91.79 MHz ( period = 10.895 ns )                    ; D_FF:DFF_B|Q[1]~_Duplicate_1 ; D_FF:DFF_Y|Q[1]  ; clk        ; clk      ; None                        ; None                      ; 10.711 ns               ;
; N/A                                     ; 91.88 MHz ( period = 10.884 ns )                    ; D_FF:DFF_B|Q[1]~_Duplicate_1 ; D_FF:DFF_Y|Q[0]  ; clk        ; clk      ; None                        ; None                      ; 10.698 ns               ;
; N/A                                     ; 91.92 MHz ( period = 10.879 ns )                    ; D_FF:DFF_A|Q[6]~_Duplicate_1 ; D_FF:DFF_Y|Q[7]  ; clk        ; clk      ; None                        ; None                      ; 10.693 ns               ;
; N/A                                     ; 93.08 MHz ( period = 10.743 ns )                    ; D_FF:DFF_B|Q[2]~_Duplicate_1 ; D_FF:DFF_Y|Q[5]  ; clk        ; clk      ; None                        ; None                      ; 10.557 ns               ;
; N/A                                     ; 93.23 MHz ( period = 10.726 ns )                    ; D_FF:DFF_B|Q[1]~_Duplicate_1 ; D_FF:DFF_Y|Q[5]  ; clk        ; clk      ; None                        ; None                      ; 10.540 ns               ;
; N/A                                     ; 93.29 MHz ( period = 10.719 ns )                    ; D_FF:DFF_A|Q[6]~_Duplicate_1 ; D_FF:DFF_Y|Q[3]  ; clk        ; clk      ; None                        ; None                      ; 10.533 ns               ;
; N/A                                     ; 95.47 MHz ( period = 10.474 ns )                    ; D_FF:DFF_A|Q[6]~_Duplicate_1 ; D_FF:DFF_Y|Q[4]  ; clk        ; clk      ; None                        ; None                      ; 10.290 ns               ;
; N/A                                     ; 95.64 MHz ( period = 10.456 ns )                    ; D_FF:DFF_A|Q[6]~_Duplicate_1 ; D_FF:DFF_Y|Q[2]  ; clk        ; clk      ; None                        ; None                      ; 10.272 ns               ;
; N/A                                     ; 95.65 MHz ( period = 10.455 ns )                    ; D_FF:DFF_A|Q[6]~_Duplicate_1 ; D_FF:DFF_Y|Q[6]  ; clk        ; clk      ; None                        ; None                      ; 10.271 ns               ;
; N/A                                     ; 95.68 MHz ( period = 10.452 ns )                    ; D_FF:DFF_A|Q[6]~_Duplicate_1 ; D_FF:DFF_Y|Q[1]  ; clk        ; clk      ; None                        ; None                      ; 10.268 ns               ;
; N/A                                     ; 95.78 MHz ( period = 10.441 ns )                    ; D_FF:DFF_A|Q[6]~_Duplicate_1 ; D_FF:DFF_Y|Q[0]  ; clk        ; clk      ; None                        ; None                      ; 10.255 ns               ;
; N/A                                     ; 97.25 MHz ( period = 10.283 ns )                    ; D_FF:DFF_A|Q[6]~_Duplicate_1 ; D_FF:DFF_Y|Q[5]  ; clk        ; clk      ; None                        ; None                      ; 10.097 ns               ;
; N/A                                     ; 99.41 MHz ( period = 10.059 ns )                    ; D_FF:DFF_A|Q[5]~_Duplicate_1 ; D_FF:DFF_Y|Q[7]  ; clk        ; clk      ; None                        ; None                      ; 9.873 ns                ;
; N/A                                     ; 101.02 MHz ( period = 9.899 ns )                    ; D_FF:DFF_A|Q[5]~_Duplicate_1 ; D_FF:DFF_Y|Q[3]  ; clk        ; clk      ; None                        ; None                      ; 9.713 ns                ;
; N/A                                     ; 103.58 MHz ( period = 9.654 ns )                    ; D_FF:DFF_A|Q[5]~_Duplicate_1 ; D_FF:DFF_Y|Q[4]  ; clk        ; clk      ; None                        ; None                      ; 9.470 ns                ;
; N/A                                     ; 103.78 MHz ( period = 9.636 ns )                    ; D_FF:DFF_A|Q[5]~_Duplicate_1 ; D_FF:DFF_Y|Q[2]  ; clk        ; clk      ; None                        ; None                      ; 9.452 ns                ;
; N/A                                     ; 103.79 MHz ( period = 9.635 ns )                    ; D_FF:DFF_A|Q[5]~_Duplicate_1 ; D_FF:DFF_Y|Q[6]  ; clk        ; clk      ; None                        ; None                      ; 9.451 ns                ;
; N/A                                     ; 103.82 MHz ( period = 9.632 ns )                    ; D_FF:DFF_A|Q[5]~_Duplicate_1 ; D_FF:DFF_Y|Q[1]  ; clk        ; clk      ; None                        ; None                      ; 9.448 ns                ;
; N/A                                     ; 103.94 MHz ( period = 9.621 ns )                    ; D_FF:DFF_A|Q[5]~_Duplicate_1 ; D_FF:DFF_Y|Q[0]  ; clk        ; clk      ; None                        ; None                      ; 9.435 ns                ;
; N/A                                     ; 105.67 MHz ( period = 9.463 ns )                    ; D_FF:DFF_A|Q[5]~_Duplicate_1 ; D_FF:DFF_Y|Q[5]  ; clk        ; clk      ; None                        ; None                      ; 9.277 ns                ;
; N/A                                     ; 117.01 MHz ( period = 8.546 ns )                    ; D_FF:DFF_A|Q[4]~_Duplicate_1 ; D_FF:DFF_Y|Q[7]  ; clk        ; clk      ; None                        ; None                      ; 8.367 ns                ;
; N/A                                     ; 119.25 MHz ( period = 8.386 ns )                    ; D_FF:DFF_A|Q[4]~_Duplicate_1 ; D_FF:DFF_Y|Q[3]  ; clk        ; clk      ; None                        ; None                      ; 8.207 ns                ;
; N/A                                     ; 122.84 MHz ( period = 8.141 ns )                    ; D_FF:DFF_A|Q[4]~_Duplicate_1 ; D_FF:DFF_Y|Q[4]  ; clk        ; clk      ; None                        ; None                      ; 7.964 ns                ;
; N/A                                     ; 123.11 MHz ( period = 8.123 ns )                    ; D_FF:DFF_A|Q[4]~_Duplicate_1 ; D_FF:DFF_Y|Q[2]  ; clk        ; clk      ; None                        ; None                      ; 7.946 ns                ;
; N/A                                     ; 123.12 MHz ( period = 8.122 ns )                    ; D_FF:DFF_A|Q[4]~_Duplicate_1 ; D_FF:DFF_Y|Q[6]  ; clk        ; clk      ; None                        ; None                      ; 7.945 ns                ;
; N/A                                     ; 123.17 MHz ( period = 8.119 ns )                    ; D_FF:DFF_A|Q[4]~_Duplicate_1 ; D_FF:DFF_Y|Q[1]  ; clk        ; clk      ; None                        ; None                      ; 7.942 ns                ;
; N/A                                     ; 123.33 MHz ( period = 8.108 ns )                    ; D_FF:DFF_A|Q[4]~_Duplicate_1 ; D_FF:DFF_Y|Q[0]  ; clk        ; clk      ; None                        ; None                      ; 7.929 ns                ;
; N/A                                     ; 125.79 MHz ( period = 7.950 ns )                    ; D_FF:DFF_A|Q[4]~_Duplicate_1 ; D_FF:DFF_Y|Q[5]  ; clk        ; clk      ; None                        ; None                      ; 7.771 ns                ;
; N/A                                     ; 140.31 MHz ( period = 7.127 ns )                    ; D_FF:DFF_A|Q[3]~_Duplicate_1 ; D_FF:DFF_Y|Q[7]  ; clk        ; clk      ; None                        ; None                      ; 6.940 ns                ;
; N/A                                     ; 143.53 MHz ( period = 6.967 ns )                    ; D_FF:DFF_A|Q[3]~_Duplicate_1 ; D_FF:DFF_Y|Q[3]  ; clk        ; clk      ; None                        ; None                      ; 6.780 ns                ;
; N/A                                     ; 148.77 MHz ( period = 6.722 ns )                    ; D_FF:DFF_A|Q[3]~_Duplicate_1 ; D_FF:DFF_Y|Q[4]  ; clk        ; clk      ; None                        ; None                      ; 6.537 ns                ;
; N/A                                     ; 149.16 MHz ( period = 6.704 ns )                    ; D_FF:DFF_A|Q[3]~_Duplicate_1 ; D_FF:DFF_Y|Q[2]  ; clk        ; clk      ; None                        ; None                      ; 6.519 ns                ;
; N/A                                     ; 149.19 MHz ( period = 6.703 ns )                    ; D_FF:DFF_A|Q[3]~_Duplicate_1 ; D_FF:DFF_Y|Q[6]  ; clk        ; clk      ; None                        ; None                      ; 6.518 ns                ;
; N/A                                     ; 149.25 MHz ( period = 6.700 ns )                    ; D_FF:DFF_A|Q[3]~_Duplicate_1 ; D_FF:DFF_Y|Q[1]  ; clk        ; clk      ; None                        ; None                      ; 6.515 ns                ;
; N/A                                     ; 149.50 MHz ( period = 6.689 ns )                    ; D_FF:DFF_A|Q[3]~_Duplicate_1 ; D_FF:DFF_Y|Q[0]  ; clk        ; clk      ; None                        ; None                      ; 6.502 ns                ;
; N/A                                     ; 153.12 MHz ( period = 6.531 ns )                    ; D_FF:DFF_A|Q[3]~_Duplicate_1 ; D_FF:DFF_Y|Q[5]  ; clk        ; clk      ; None                        ; None                      ; 6.344 ns                ;
; N/A                                     ; 169.95 MHz ( period = 5.884 ns )                    ; D_FF:DFF_A|Q[2]~_Duplicate_1 ; D_FF:DFF_Y|Q[7]  ; clk        ; clk      ; None                        ; None                      ; 5.696 ns                ;
; N/A                                     ; 174.70 MHz ( period = 5.724 ns )                    ; D_FF:DFF_A|Q[2]~_Duplicate_1 ; D_FF:DFF_Y|Q[3]  ; clk        ; clk      ; None                        ; None                      ; 5.536 ns                ;
; N/A                                     ; 182.52 MHz ( period = 5.479 ns )                    ; D_FF:DFF_A|Q[2]~_Duplicate_1 ; D_FF:DFF_Y|Q[4]  ; clk        ; clk      ; None                        ; None                      ; 5.293 ns                ;
; N/A                                     ; 183.12 MHz ( period = 5.461 ns )                    ; D_FF:DFF_A|Q[2]~_Duplicate_1 ; D_FF:DFF_Y|Q[2]  ; clk        ; clk      ; None                        ; None                      ; 5.275 ns                ;
; N/A                                     ; 183.15 MHz ( period = 5.460 ns )                    ; D_FF:DFF_A|Q[2]~_Duplicate_1 ; D_FF:DFF_Y|Q[6]  ; clk        ; clk      ; None                        ; None                      ; 5.274 ns                ;
; N/A                                     ; 183.25 MHz ( period = 5.457 ns )                    ; D_FF:DFF_A|Q[2]~_Duplicate_1 ; D_FF:DFF_Y|Q[1]  ; clk        ; clk      ; None                        ; None                      ; 5.271 ns                ;
; N/A                                     ; 183.62 MHz ( period = 5.446 ns )                    ; D_FF:DFF_A|Q[2]~_Duplicate_1 ; D_FF:DFF_Y|Q[0]  ; clk        ; clk      ; None                        ; None                      ; 5.258 ns                ;
; N/A                                     ; 189.11 MHz ( period = 5.288 ns )                    ; D_FF:DFF_A|Q[2]~_Duplicate_1 ; D_FF:DFF_Y|Q[5]  ; clk        ; clk      ; None                        ; None                      ; 5.100 ns                ;
; N/A                                     ; 205.00 MHz ( period = 4.878 ns )                    ; D_FF:DFF_B|Q[0]              ; D_FF:DFF_Y|Q[1]  ; clk        ; clk      ; None                        ; None                      ; 4.634 ns                ;
; N/A                                     ; 205.00 MHz ( period = 4.878 ns )                    ; D_FF:DFF_B|Q[1]              ; D_FF:DFF_Y|Q[1]  ; clk        ; clk      ; None                        ; None                      ; 4.634 ns                ;
; N/A                                     ; 207.56 MHz ( period = 4.818 ns )                    ; D_FF:DFF_A|Q[0]              ; D_FF:DFF_Y|Q[1]  ; clk        ; clk      ; None                        ; None                      ; 4.574 ns                ;
; N/A                                     ; 207.56 MHz ( period = 4.818 ns )                    ; D_FF:DFF_A|Q[1]              ; D_FF:DFF_Y|Q[1]  ; clk        ; clk      ; None                        ; None                      ; 4.574 ns                ;
; N/A                                     ; 223.26 MHz ( period = 4.479 ns )                    ; D_FF:DFF_B|Q[0]              ; D_FF:DFF_Y|Q[5]  ; clk        ; clk      ; None                        ; None                      ; 4.233 ns                ;
; N/A                                     ; 223.26 MHz ( period = 4.479 ns )                    ; D_FF:DFF_B|Q[1]              ; D_FF:DFF_Y|Q[5]  ; clk        ; clk      ; None                        ; None                      ; 4.233 ns                ;
; N/A                                     ; 223.26 MHz ( period = 4.479 ns )                    ; D_FF:DFF_B|Q[2]              ; D_FF:DFF_Y|Q[5]  ; clk        ; clk      ; None                        ; None                      ; 4.233 ns                ;
; N/A                                     ; 223.26 MHz ( period = 4.479 ns )                    ; D_FF:DFF_B|Q[3]              ; D_FF:DFF_Y|Q[5]  ; clk        ; clk      ; None                        ; None                      ; 4.233 ns                ;
; N/A                                     ; 223.26 MHz ( period = 4.479 ns )                    ; D_FF:DFF_B|Q[4]              ; D_FF:DFF_Y|Q[5]  ; clk        ; clk      ; None                        ; None                      ; 4.233 ns                ;
; N/A                                     ; 223.26 MHz ( period = 4.479 ns )                    ; D_FF:DFF_B|Q[5]              ; D_FF:DFF_Y|Q[5]  ; clk        ; clk      ; None                        ; None                      ; 4.233 ns                ;
; N/A                                     ; 224.01 MHz ( period = 4.464 ns )                    ; D_FF:DFF_B|Q[0]              ; D_FF:DFF_Y|Q[7]  ; clk        ; clk      ; None                        ; None                      ; 4.218 ns                ;
; N/A                                     ; 224.01 MHz ( period = 4.464 ns )                    ; D_FF:DFF_B|Q[1]              ; D_FF:DFF_Y|Q[7]  ; clk        ; clk      ; None                        ; None                      ; 4.218 ns                ;
; N/A                                     ; 224.01 MHz ( period = 4.464 ns )                    ; D_FF:DFF_B|Q[2]              ; D_FF:DFF_Y|Q[7]  ; clk        ; clk      ; None                        ; None                      ; 4.218 ns                ;
; N/A                                     ; 224.01 MHz ( period = 4.464 ns )                    ; D_FF:DFF_B|Q[3]              ; D_FF:DFF_Y|Q[7]  ; clk        ; clk      ; None                        ; None                      ; 4.218 ns                ;
; N/A                                     ; 224.01 MHz ( period = 4.464 ns )                    ; D_FF:DFF_B|Q[4]              ; D_FF:DFF_Y|Q[7]  ; clk        ; clk      ; None                        ; None                      ; 4.218 ns                ;
; N/A                                     ; 224.01 MHz ( period = 4.464 ns )                    ; D_FF:DFF_B|Q[5]              ; D_FF:DFF_Y|Q[7]  ; clk        ; clk      ; None                        ; None                      ; 4.218 ns                ;
; N/A                                     ; 224.01 MHz ( period = 4.464 ns )                    ; D_FF:DFF_B|Q[6]              ; D_FF:DFF_Y|Q[7]  ; clk        ; clk      ; None                        ; None                      ; 4.218 ns                ;
; N/A                                     ; 224.01 MHz ( period = 4.464 ns )                    ; D_FF:DFF_B|Q[7]              ; D_FF:DFF_Y|Q[7]  ; clk        ; clk      ; None                        ; None                      ; 4.218 ns                ;
; N/A                                     ; 225.02 MHz ( period = 4.444 ns )                    ; D_FF:DFF_B|Q[0]              ; D_FF:DFF_Y|Q[6]  ; clk        ; clk      ; None                        ; None                      ; 4.200 ns                ;
; N/A                                     ; 225.02 MHz ( period = 4.444 ns )                    ; D_FF:DFF_B|Q[1]              ; D_FF:DFF_Y|Q[6]  ; clk        ; clk      ; None                        ; None                      ; 4.200 ns                ;
; N/A                                     ; 225.02 MHz ( period = 4.444 ns )                    ; D_FF:DFF_B|Q[2]              ; D_FF:DFF_Y|Q[6]  ; clk        ; clk      ; None                        ; None                      ; 4.200 ns                ;
; N/A                                     ; 225.02 MHz ( period = 4.444 ns )                    ; D_FF:DFF_B|Q[3]              ; D_FF:DFF_Y|Q[6]  ; clk        ; clk      ; None                        ; None                      ; 4.200 ns                ;
; N/A                                     ; 225.02 MHz ( period = 4.444 ns )                    ; D_FF:DFF_B|Q[4]              ; D_FF:DFF_Y|Q[6]  ; clk        ; clk      ; None                        ; None                      ; 4.200 ns                ;
; N/A                                     ; 225.02 MHz ( period = 4.444 ns )                    ; D_FF:DFF_B|Q[5]              ; D_FF:DFF_Y|Q[6]  ; clk        ; clk      ; None                        ; None                      ; 4.200 ns                ;
; N/A                                     ; 225.02 MHz ( period = 4.444 ns )                    ; D_FF:DFF_B|Q[6]              ; D_FF:DFF_Y|Q[6]  ; clk        ; clk      ; None                        ; None                      ; 4.200 ns                ;
; N/A                                     ; 225.94 MHz ( period = 4.426 ns )                    ; D_FF:DFF_B|Q[0]              ; D_FF:DFF_Y|Q[4]  ; clk        ; clk      ; None                        ; None                      ; 4.182 ns                ;
; N/A                                     ; 225.94 MHz ( period = 4.426 ns )                    ; D_FF:DFF_B|Q[1]              ; D_FF:DFF_Y|Q[4]  ; clk        ; clk      ; None                        ; None                      ; 4.182 ns                ;
; N/A                                     ; 225.94 MHz ( period = 4.426 ns )                    ; D_FF:DFF_B|Q[2]              ; D_FF:DFF_Y|Q[4]  ; clk        ; clk      ; None                        ; None                      ; 4.182 ns                ;
; N/A                                     ; 225.94 MHz ( period = 4.426 ns )                    ; D_FF:DFF_B|Q[3]              ; D_FF:DFF_Y|Q[4]  ; clk        ; clk      ; None                        ; None                      ; 4.182 ns                ;
; N/A                                     ; 225.94 MHz ( period = 4.426 ns )                    ; D_FF:DFF_B|Q[4]              ; D_FF:DFF_Y|Q[4]  ; clk        ; clk      ; None                        ; None                      ; 4.182 ns                ;
; N/A                                     ; 226.30 MHz ( period = 4.419 ns )                    ; D_FF:DFF_A|Q[0]              ; D_FF:DFF_Y|Q[5]  ; clk        ; clk      ; None                        ; None                      ; 4.173 ns                ;
; N/A                                     ; 226.30 MHz ( period = 4.419 ns )                    ; D_FF:DFF_A|Q[1]              ; D_FF:DFF_Y|Q[5]  ; clk        ; clk      ; None                        ; None                      ; 4.173 ns                ;
; N/A                                     ; 226.30 MHz ( period = 4.419 ns )                    ; D_FF:DFF_A|Q[2]              ; D_FF:DFF_Y|Q[5]  ; clk        ; clk      ; None                        ; None                      ; 4.173 ns                ;
; N/A                                     ; 226.30 MHz ( period = 4.419 ns )                    ; D_FF:DFF_A|Q[3]              ; D_FF:DFF_Y|Q[5]  ; clk        ; clk      ; None                        ; None                      ; 4.173 ns                ;
; N/A                                     ; 226.30 MHz ( period = 4.419 ns )                    ; D_FF:DFF_A|Q[4]              ; D_FF:DFF_Y|Q[5]  ; clk        ; clk      ; None                        ; None                      ; 4.173 ns                ;
; N/A                                     ; 226.30 MHz ( period = 4.419 ns )                    ; D_FF:DFF_A|Q[5]              ; D_FF:DFF_Y|Q[5]  ; clk        ; clk      ; None                        ; None                      ; 4.173 ns                ;
; N/A                                     ; 226.40 MHz ( period = 4.417 ns )                    ; D_FF:DFF_B|Q[0]              ; D_FF:DFF_Y|Q[0]  ; clk        ; clk      ; None                        ; None                      ; 4.171 ns                ;
; N/A                                     ; 226.55 MHz ( period = 4.414 ns )                    ; D_FF:DFF_B|Q[0]              ; D_FF:DFF_Y|Q[2]  ; clk        ; clk      ; None                        ; None                      ; 4.170 ns                ;
; N/A                                     ; 226.55 MHz ( period = 4.414 ns )                    ; D_FF:DFF_B|Q[1]              ; D_FF:DFF_Y|Q[2]  ; clk        ; clk      ; None                        ; None                      ; 4.170 ns                ;
; N/A                                     ; 226.55 MHz ( period = 4.414 ns )                    ; D_FF:DFF_B|Q[2]              ; D_FF:DFF_Y|Q[2]  ; clk        ; clk      ; None                        ; None                      ; 4.170 ns                ;
; N/A                                     ; 227.07 MHz ( period = 4.404 ns )                    ; D_FF:DFF_A|Q[0]              ; D_FF:DFF_Y|Q[7]  ; clk        ; clk      ; None                        ; None                      ; 4.158 ns                ;
; N/A                                     ; 227.07 MHz ( period = 4.404 ns )                    ; D_FF:DFF_A|Q[1]              ; D_FF:DFF_Y|Q[7]  ; clk        ; clk      ; None                        ; None                      ; 4.158 ns                ;
; N/A                                     ; 227.07 MHz ( period = 4.404 ns )                    ; D_FF:DFF_A|Q[2]              ; D_FF:DFF_Y|Q[7]  ; clk        ; clk      ; None                        ; None                      ; 4.158 ns                ;
; N/A                                     ; 227.07 MHz ( period = 4.404 ns )                    ; D_FF:DFF_A|Q[3]              ; D_FF:DFF_Y|Q[7]  ; clk        ; clk      ; None                        ; None                      ; 4.158 ns                ;
; N/A                                     ; 227.07 MHz ( period = 4.404 ns )                    ; D_FF:DFF_A|Q[4]              ; D_FF:DFF_Y|Q[7]  ; clk        ; clk      ; None                        ; None                      ; 4.158 ns                ;
; N/A                                     ; 227.07 MHz ( period = 4.404 ns )                    ; D_FF:DFF_A|Q[5]              ; D_FF:DFF_Y|Q[7]  ; clk        ; clk      ; None                        ; None                      ; 4.158 ns                ;
; N/A                                     ; 227.07 MHz ( period = 4.404 ns )                    ; D_FF:DFF_A|Q[6]              ; D_FF:DFF_Y|Q[7]  ; clk        ; clk      ; None                        ; None                      ; 4.158 ns                ;
; N/A                                     ; 227.07 MHz ( period = 4.404 ns )                    ; D_FF:DFF_A|Q[7]              ; D_FF:DFF_Y|Q[7]  ; clk        ; clk      ; None                        ; None                      ; 4.158 ns                ;
; N/A                                     ; 227.63 MHz ( period = 4.393 ns )                    ; D_FF:DFF_B|Q[0]              ; D_FF:DFF_Y|Q[3]  ; clk        ; clk      ; None                        ; None                      ; 4.147 ns                ;
; N/A                                     ; 227.63 MHz ( period = 4.393 ns )                    ; D_FF:DFF_B|Q[1]              ; D_FF:DFF_Y|Q[3]  ; clk        ; clk      ; None                        ; None                      ; 4.147 ns                ;
; N/A                                     ; 227.63 MHz ( period = 4.393 ns )                    ; D_FF:DFF_B|Q[2]              ; D_FF:DFF_Y|Q[3]  ; clk        ; clk      ; None                        ; None                      ; 4.147 ns                ;
; N/A                                     ; 227.63 MHz ( period = 4.393 ns )                    ; D_FF:DFF_B|Q[3]              ; D_FF:DFF_Y|Q[3]  ; clk        ; clk      ; None                        ; None                      ; 4.147 ns                ;
; N/A                                     ; 228.10 MHz ( period = 4.384 ns )                    ; D_FF:DFF_A|Q[0]              ; D_FF:DFF_Y|Q[6]  ; clk        ; clk      ; None                        ; None                      ; 4.140 ns                ;
; N/A                                     ; 228.10 MHz ( period = 4.384 ns )                    ; D_FF:DFF_A|Q[1]              ; D_FF:DFF_Y|Q[6]  ; clk        ; clk      ; None                        ; None                      ; 4.140 ns                ;
; N/A                                     ; 228.10 MHz ( period = 4.384 ns )                    ; D_FF:DFF_A|Q[2]              ; D_FF:DFF_Y|Q[6]  ; clk        ; clk      ; None                        ; None                      ; 4.140 ns                ;
; N/A                                     ; 228.10 MHz ( period = 4.384 ns )                    ; D_FF:DFF_A|Q[3]              ; D_FF:DFF_Y|Q[6]  ; clk        ; clk      ; None                        ; None                      ; 4.140 ns                ;
; N/A                                     ; 228.10 MHz ( period = 4.384 ns )                    ; D_FF:DFF_A|Q[4]              ; D_FF:DFF_Y|Q[6]  ; clk        ; clk      ; None                        ; None                      ; 4.140 ns                ;
; N/A                                     ; 228.10 MHz ( period = 4.384 ns )                    ; D_FF:DFF_A|Q[5]              ; D_FF:DFF_Y|Q[6]  ; clk        ; clk      ; None                        ; None                      ; 4.140 ns                ;
; N/A                                     ; 228.10 MHz ( period = 4.384 ns )                    ; D_FF:DFF_A|Q[6]              ; D_FF:DFF_Y|Q[6]  ; clk        ; clk      ; None                        ; None                      ; 4.140 ns                ;
; N/A                                     ; 229.04 MHz ( period = 4.366 ns )                    ; D_FF:DFF_A|Q[0]              ; D_FF:DFF_Y|Q[4]  ; clk        ; clk      ; None                        ; None                      ; 4.122 ns                ;
; N/A                                     ; 229.04 MHz ( period = 4.366 ns )                    ; D_FF:DFF_A|Q[1]              ; D_FF:DFF_Y|Q[4]  ; clk        ; clk      ; None                        ; None                      ; 4.122 ns                ;
; N/A                                     ; 229.04 MHz ( period = 4.366 ns )                    ; D_FF:DFF_A|Q[2]              ; D_FF:DFF_Y|Q[4]  ; clk        ; clk      ; None                        ; None                      ; 4.122 ns                ;
; N/A                                     ; 229.04 MHz ( period = 4.366 ns )                    ; D_FF:DFF_A|Q[3]              ; D_FF:DFF_Y|Q[4]  ; clk        ; clk      ; None                        ; None                      ; 4.122 ns                ;
; N/A                                     ; 229.04 MHz ( period = 4.366 ns )                    ; D_FF:DFF_A|Q[4]              ; D_FF:DFF_Y|Q[4]  ; clk        ; clk      ; None                        ; None                      ; 4.122 ns                ;
; N/A                                     ; 229.52 MHz ( period = 4.357 ns )                    ; D_FF:DFF_A|Q[0]              ; D_FF:DFF_Y|Q[0]  ; clk        ; clk      ; None                        ; None                      ; 4.111 ns                ;
; N/A                                     ; 229.67 MHz ( period = 4.354 ns )                    ; D_FF:DFF_A|Q[0]              ; D_FF:DFF_Y|Q[2]  ; clk        ; clk      ; None                        ; None                      ; 4.110 ns                ;
; N/A                                     ; 229.67 MHz ( period = 4.354 ns )                    ; D_FF:DFF_A|Q[1]              ; D_FF:DFF_Y|Q[2]  ; clk        ; clk      ; None                        ; None                      ; 4.110 ns                ;
; N/A                                     ; 229.67 MHz ( period = 4.354 ns )                    ; D_FF:DFF_A|Q[2]              ; D_FF:DFF_Y|Q[2]  ; clk        ; clk      ; None                        ; None                      ; 4.110 ns                ;
; N/A                                     ; 230.79 MHz ( period = 4.333 ns )                    ; D_FF:DFF_A|Q[0]              ; D_FF:DFF_Y|Q[3]  ; clk        ; clk      ; None                        ; None                      ; 4.087 ns                ;
; N/A                                     ; 230.79 MHz ( period = 4.333 ns )                    ; D_FF:DFF_A|Q[1]              ; D_FF:DFF_Y|Q[3]  ; clk        ; clk      ; None                        ; None                      ; 4.087 ns                ;
; N/A                                     ; 230.79 MHz ( period = 4.333 ns )                    ; D_FF:DFF_A|Q[2]              ; D_FF:DFF_Y|Q[3]  ; clk        ; clk      ; None                        ; None                      ; 4.087 ns                ;
; N/A                                     ; 230.79 MHz ( period = 4.333 ns )                    ; D_FF:DFF_A|Q[3]              ; D_FF:DFF_Y|Q[3]  ; clk        ; clk      ; None                        ; None                      ; 4.087 ns                ;
; N/A                                     ; 238.95 MHz ( period = 4.185 ns )                    ; D_FF:DFF_A|Q[1]~_Duplicate_1 ; D_FF:DFF_Y|Q[7]  ; clk        ; clk      ; None                        ; None                      ; 4.001 ns                ;
; N/A                                     ; 248.45 MHz ( period = 4.025 ns )                    ; D_FF:DFF_A|Q[1]~_Duplicate_1 ; D_FF:DFF_Y|Q[3]  ; clk        ; clk      ; None                        ; None                      ; 3.841 ns                ;
; N/A                                     ; 263.44 MHz ( period = 3.796 ns )                    ; D_FF:DFF_B|Q[0]              ; D_FF:DFF_Y|Q[14] ; clk        ; clk      ; None                        ; None                      ; 3.543 ns                ;
; N/A                                     ; 263.44 MHz ( period = 3.796 ns )                    ; D_FF:DFF_B|Q[1]              ; D_FF:DFF_Y|Q[14] ; clk        ; clk      ; None                        ; None                      ; 3.543 ns                ;
; N/A                                     ; 263.44 MHz ( period = 3.796 ns )                    ; D_FF:DFF_B|Q[2]              ; D_FF:DFF_Y|Q[14] ; clk        ; clk      ; None                        ; None                      ; 3.543 ns                ;
; N/A                                     ; 263.44 MHz ( period = 3.796 ns )                    ; D_FF:DFF_B|Q[3]              ; D_FF:DFF_Y|Q[14] ; clk        ; clk      ; None                        ; None                      ; 3.543 ns                ;
; N/A                                     ; 263.44 MHz ( period = 3.796 ns )                    ; D_FF:DFF_B|Q[4]              ; D_FF:DFF_Y|Q[14] ; clk        ; clk      ; None                        ; None                      ; 3.543 ns                ;
; N/A                                     ; 263.44 MHz ( period = 3.796 ns )                    ; D_FF:DFF_B|Q[5]              ; D_FF:DFF_Y|Q[14] ; clk        ; clk      ; None                        ; None                      ; 3.543 ns                ;
; N/A                                     ; 263.44 MHz ( period = 3.796 ns )                    ; D_FF:DFF_B|Q[6]              ; D_FF:DFF_Y|Q[14] ; clk        ; clk      ; None                        ; None                      ; 3.543 ns                ;
; N/A                                     ; 263.44 MHz ( period = 3.796 ns )                    ; D_FF:DFF_B|Q[7]              ; D_FF:DFF_Y|Q[14] ; clk        ; clk      ; None                        ; None                      ; 3.543 ns                ;
; N/A                                     ; 264.20 MHz ( period = 3.785 ns )                    ; D_FF:DFF_B|Q[1]              ; D_FF:DFF_Y|Q[10] ; clk        ; clk      ; None                        ; None                      ; 3.532 ns                ;
; N/A                                     ; 264.20 MHz ( period = 3.785 ns )                    ; D_FF:DFF_B|Q[2]              ; D_FF:DFF_Y|Q[10] ; clk        ; clk      ; None                        ; None                      ; 3.532 ns                ;
; N/A                                     ; 264.20 MHz ( period = 3.785 ns )                    ; D_FF:DFF_B|Q[3]              ; D_FF:DFF_Y|Q[10] ; clk        ; clk      ; None                        ; None                      ; 3.532 ns                ;
; N/A                                     ; 264.20 MHz ( period = 3.785 ns )                    ; D_FF:DFF_B|Q[4]              ; D_FF:DFF_Y|Q[10] ; clk        ; clk      ; None                        ; None                      ; 3.532 ns                ;
; N/A                                     ; 264.20 MHz ( period = 3.785 ns )                    ; D_FF:DFF_B|Q[5]              ; D_FF:DFF_Y|Q[10] ; clk        ; clk      ; None                        ; None                      ; 3.532 ns                ;
; N/A                                     ; 264.20 MHz ( period = 3.785 ns )                    ; D_FF:DFF_B|Q[6]              ; D_FF:DFF_Y|Q[10] ; clk        ; clk      ; None                        ; None                      ; 3.532 ns                ;
; Timing analysis restricted to 200 rows. ; To change the limit use Settings (Assignments menu) ;                              ;                  ;            ;          ;                             ;                           ;                         ;
+-----------------------------------------+-----------------------------------------------------+------------------------------+------------------+------------+----------+-----------------------------+---------------------------+-------------------------+


+------------------------------------------------------------------------------------+
; tsu                                                                                ;
+-------+--------------+------------+------+------------------------------+----------+
; Slack ; Required tsu ; Actual tsu ; From ; To                           ; To Clock ;
+-------+--------------+------------+------+------------------------------+----------+
; N/A   ; None         ; 3.804 ns   ; B[2] ; D_FF:DFF_B|Q[2]~_Duplicate_1 ; clk      ;
; N/A   ; None         ; 3.671 ns   ; B[5] ; D_FF:DFF_B|Q[5]~_Duplicate_1 ; clk      ;
; N/A   ; None         ; 3.615 ns   ; A[2] ; D_FF:DFF_A|Q[2]~_Duplicate_1 ; clk      ;
; N/A   ; None         ; 3.595 ns   ; A[7] ; D_FF:DFF_A|Q[7]~_Duplicate_1 ; clk      ;
; N/A   ; None         ; 3.486 ns   ; B[2] ; D_FF:DFF_B|Q[2]              ; clk      ;
; N/A   ; None         ; 3.449 ns   ; B[4] ; D_FF:DFF_B|Q[4]~_Duplicate_1 ; clk      ;
; N/A   ; None         ; 3.411 ns   ; B[7] ; D_FF:DFF_B|Q[7]              ; clk      ;
; N/A   ; None         ; 3.283 ns   ; B[1] ; D_FF:DFF_B|Q[1]~_Duplicate_1 ; clk      ;
; N/A   ; None         ; 3.276 ns   ; A[3] ; D_FF:DFF_A|Q[3]~_Duplicate_1 ; clk      ;
; N/A   ; None         ; 3.267 ns   ; S[1] ; D_FF:DFF_S|Q[1]              ; clk      ;
; N/A   ; None         ; 3.263 ns   ; B[0] ; D_FF:DFF_B|Q[0]~_Duplicate_1 ; clk      ;
; N/A   ; None         ; 3.232 ns   ; B[4] ; D_FF:DFF_B|Q[4]              ; clk      ;
; N/A   ; None         ; 3.202 ns   ; A[5] ; D_FF:DFF_A|Q[5]~_Duplicate_1 ; clk      ;
; N/A   ; None         ; 3.200 ns   ; A[5] ; D_FF:DFF_A|Q[5]              ; clk      ;
; N/A   ; None         ; 3.183 ns   ; A[7] ; D_FF:DFF_A|Q[7]              ; clk      ;
; N/A   ; None         ; 3.177 ns   ; A[0] ; D_FF:DFF_A|Q[0]              ; clk      ;
; N/A   ; None         ; 3.164 ns   ; A[2] ; D_FF:DFF_A|Q[2]              ; clk      ;
; N/A   ; None         ; 3.130 ns   ; A[4] ; D_FF:DFF_A|Q[4]~_Duplicate_1 ; clk      ;
; N/A   ; None         ; 3.099 ns   ; B[1] ; D_FF:DFF_B|Q[1]              ; clk      ;
; N/A   ; None         ; 3.094 ns   ; B[0] ; D_FF:DFF_B|Q[0]              ; clk      ;
; N/A   ; None         ; 3.092 ns   ; B[5] ; D_FF:DFF_B|Q[5]              ; clk      ;
; N/A   ; None         ; 3.056 ns   ; A[4] ; D_FF:DFF_A|Q[4]              ; clk      ;
; N/A   ; None         ; 3.038 ns   ; A[0] ; D_FF:DFF_A|Q[0]~_Duplicate_1 ; clk      ;
; N/A   ; None         ; 3.026 ns   ; A[3] ; D_FF:DFF_A|Q[3]              ; clk      ;
; N/A   ; None         ; 3.020 ns   ; B[7] ; D_FF:DFF_B|Q[7]~_Duplicate_1 ; clk      ;
; N/A   ; None         ; 3.007 ns   ; B[3] ; D_FF:DFF_B|Q[3]~_Duplicate_1 ; clk      ;
; N/A   ; None         ; 2.942 ns   ; B[3] ; D_FF:DFF_B|Q[3]              ; clk      ;
; N/A   ; None         ; 2.871 ns   ; A[6] ; D_FF:DFF_A|Q[6]              ; clk      ;
; N/A   ; None         ; 2.833 ns   ; A[1] ; D_FF:DFF_A|Q[1]              ; clk      ;
; N/A   ; None         ; 2.829 ns   ; A[6] ; D_FF:DFF_A|Q[6]~_Duplicate_1 ; clk      ;
; N/A   ; None         ; 2.814 ns   ; S[0] ; D_FF:DFF_S|Q[0]              ; clk      ;
; N/A   ; None         ; 2.716 ns   ; B[6] ; D_FF:DFF_B|Q[6]              ; clk      ;
; N/A   ; None         ; 2.662 ns   ; A[1] ; D_FF:DFF_A|Q[1]~_Duplicate_1 ; clk      ;
; N/A   ; None         ; 2.646 ns   ; B[6] ; D_FF:DFF_B|Q[6]~_Duplicate_1 ; clk      ;
+-------+--------------+------------+------+------------------------------+----------+


+---------------------------------------------------------------------------+
; tco                                                                       ;
+-------+--------------+------------+------------------+-------+------------+
; Slack ; Required tco ; Actual tco ; From             ; To    ; From Clock ;
+-------+--------------+------------+------------------+-------+------------+
; N/A   ; None         ; 7.412 ns   ; D_FF:DFF_Y|Q[0]  ; Y[0]  ; clk        ;
; N/A   ; None         ; 6.683 ns   ; D_FF:DFF_Y|Q[9]  ; Y[9]  ; clk        ;
; N/A   ; None         ; 6.439 ns   ; D_FF:DFF_Y|Q[8]  ; Y[8]  ; clk        ;
; N/A   ; None         ; 6.257 ns   ; D_FF:DFF_Y|Q[7]  ; Y[7]  ; clk        ;
; N/A   ; None         ; 6.247 ns   ; D_FF:DFF_Y|Q[3]  ; Y[3]  ; clk        ;
; N/A   ; None         ; 6.215 ns   ; D_FF:DFF_Y|Q[4]  ; Y[4]  ; clk        ;
; N/A   ; None         ; 6.188 ns   ; D_FF:DFF_Y|Q[11] ; Y[11] ; clk        ;
; N/A   ; None         ; 6.093 ns   ; D_FF:DFF_Y|Q[1]  ; Y[1]  ; clk        ;
; N/A   ; None         ; 6.083 ns   ; D_FF:DFF_Y|Q[12] ; Y[12] ; clk        ;
; N/A   ; None         ; 5.942 ns   ; D_FF:DFF_Y|Q[10] ; Y[10] ; clk        ;
; N/A   ; None         ; 5.910 ns   ; D_FF:DFF_Y|Q[2]  ; Y[2]  ; clk        ;
; N/A   ; None         ; 5.898 ns   ; D_FF:DFF_Y|Q[15] ; Y[15] ; clk        ;
; N/A   ; None         ; 5.846 ns   ; D_FF:DFF_Y|Q[6]  ; Y[6]  ; clk        ;
; N/A   ; None         ; 5.764 ns   ; D_FF:DFF_Y|Q[13] ; Y[13] ; clk        ;
; N/A   ; None         ; 5.678 ns   ; D_FF:DFF_Y|Q[14] ; Y[14] ; clk        ;
; N/A   ; None         ; 5.666 ns   ; D_FF:DFF_Y|Q[5]  ; Y[5]  ; clk        ;
+-------+--------------+------------+------------------+-------+------------+


+------------------------------------------------------------------------------------------+
; th                                                                                       ;
+---------------+-------------+-----------+------+------------------------------+----------+
; Minimum Slack ; Required th ; Actual th ; From ; To                           ; To Clock ;
+---------------+-------------+-----------+------+------------------------------+----------+
; N/A           ; None        ; -2.407 ns ; B[6] ; D_FF:DFF_B|Q[6]~_Duplicate_1 ; clk      ;
; N/A           ; None        ; -2.423 ns ; A[1] ; D_FF:DFF_A|Q[1]~_Duplicate_1 ; clk      ;
; N/A           ; None        ; -2.486 ns ; B[6] ; D_FF:DFF_B|Q[6]              ; clk      ;
; N/A           ; None        ; -2.575 ns ; S[0] ; D_FF:DFF_S|Q[0]              ; clk      ;
; N/A           ; None        ; -2.590 ns ; A[6] ; D_FF:DFF_A|Q[6]~_Duplicate_1 ; clk      ;
; N/A           ; None        ; -2.603 ns ; A[1] ; D_FF:DFF_A|Q[1]              ; clk      ;
; N/A           ; None        ; -2.641 ns ; A[6] ; D_FF:DFF_A|Q[6]              ; clk      ;
; N/A           ; None        ; -2.712 ns ; B[3] ; D_FF:DFF_B|Q[3]              ; clk      ;
; N/A           ; None        ; -2.768 ns ; B[3] ; D_FF:DFF_B|Q[3]~_Duplicate_1 ; clk      ;
; N/A           ; None        ; -2.781 ns ; B[7] ; D_FF:DFF_B|Q[7]~_Duplicate_1 ; clk      ;
; N/A           ; None        ; -2.796 ns ; A[3] ; D_FF:DFF_A|Q[3]              ; clk      ;
; N/A           ; None        ; -2.799 ns ; A[0] ; D_FF:DFF_A|Q[0]~_Duplicate_1 ; clk      ;
; N/A           ; None        ; -2.826 ns ; A[4] ; D_FF:DFF_A|Q[4]              ; clk      ;
; N/A           ; None        ; -2.862 ns ; B[5] ; D_FF:DFF_B|Q[5]              ; clk      ;
; N/A           ; None        ; -2.864 ns ; B[0] ; D_FF:DFF_B|Q[0]              ; clk      ;
; N/A           ; None        ; -2.869 ns ; B[1] ; D_FF:DFF_B|Q[1]              ; clk      ;
; N/A           ; None        ; -2.891 ns ; A[4] ; D_FF:DFF_A|Q[4]~_Duplicate_1 ; clk      ;
; N/A           ; None        ; -2.934 ns ; A[2] ; D_FF:DFF_A|Q[2]              ; clk      ;
; N/A           ; None        ; -2.947 ns ; A[0] ; D_FF:DFF_A|Q[0]              ; clk      ;
; N/A           ; None        ; -2.953 ns ; A[7] ; D_FF:DFF_A|Q[7]              ; clk      ;
; N/A           ; None        ; -2.963 ns ; A[5] ; D_FF:DFF_A|Q[5]~_Duplicate_1 ; clk      ;
; N/A           ; None        ; -2.970 ns ; A[5] ; D_FF:DFF_A|Q[5]              ; clk      ;
; N/A           ; None        ; -3.002 ns ; B[4] ; D_FF:DFF_B|Q[4]              ; clk      ;
; N/A           ; None        ; -3.024 ns ; B[0] ; D_FF:DFF_B|Q[0]~_Duplicate_1 ; clk      ;
; N/A           ; None        ; -3.028 ns ; S[1] ; D_FF:DFF_S|Q[1]              ; clk      ;
; N/A           ; None        ; -3.037 ns ; A[3] ; D_FF:DFF_A|Q[3]~_Duplicate_1 ; clk      ;
; N/A           ; None        ; -3.044 ns ; B[1] ; D_FF:DFF_B|Q[1]~_Duplicate_1 ; clk      ;
; N/A           ; None        ; -3.181 ns ; B[7] ; D_FF:DFF_B|Q[7]              ; clk      ;
; N/A           ; None        ; -3.210 ns ; B[4] ; D_FF:DFF_B|Q[4]~_Duplicate_1 ; clk      ;
; N/A           ; None        ; -3.256 ns ; B[2] ; D_FF:DFF_B|Q[2]              ; clk      ;
; N/A           ; None        ; -3.356 ns ; A[7] ; D_FF:DFF_A|Q[7]~_Duplicate_1 ; clk      ;
; N/A           ; None        ; -3.376 ns ; A[2] ; D_FF:DFF_A|Q[2]~_Duplicate_1 ; clk      ;
; N/A           ; None        ; -3.432 ns ; B[5] ; D_FF:DFF_B|Q[5]~_Duplicate_1 ; clk      ;
; N/A           ; None        ; -3.565 ns ; B[2] ; D_FF:DFF_B|Q[2]~_Duplicate_1 ; clk      ;
+---------------+-------------+-----------+------+------------------------------+----------+


+--------------------------+
; Timing Analyzer Messages ;
+--------------------------+
Info: *******************************************************************
Info: Running Quartus II Classic Timing Analyzer
    Info: Version 9.0 Build 235 06/17/2009 Service Pack 2 SJ Web Edition
    Info: Processing started: Sun Apr 20 15:13:12 2025
Info: Command: quartus_tan --read_settings_files=off --write_settings_files=off hw2 -c hw2 --timing_analysis_only
Warning: Found pins functioning as undefined clocks and/or memory enables
    Info: Assuming node "clk" is an undefined clock
Info: Clock "clk" has Internal fmax of 82.61 MHz between source register "D_FF:DFF_A|Q[7]~_Duplicate_1" and destination register "D_FF:DFF_Y|Q[7]" (period= 12.105 ns)
    Info: + Longest register to register delay is 11.918 ns
        Info: 1: + IC(0.000 ns) + CELL(0.000 ns) = 0.000 ns; Loc. = LCFF_X34_Y12_N7; Fanout = 8; REG Node = 'D_FF:DFF_A|Q[7]~_Duplicate_1'
        Info: 2: + IC(0.254 ns) + CELL(0.263 ns) = 0.517 ns; Loc. = LCCOMB_X34_Y12_N0; Fanout = 1; COMB Node = 'My_ckt_1:U1|lpm_divide:Mod0|lpm_divide_a6m:auto_generated|sign_div_unsign_fkh:divider|alt_u_div_21f:divider|add_sub_0_result_int[0]~3'
        Info: 3: + IC(0.000 ns) + CELL(0.312 ns) = 0.829 ns; Loc. = LCCOMB_X34_Y12_N2; Fanout = 1; COMB Node = 'My_ckt_1:U1|lpm_divide:Mod0|lpm_divide_a6m:auto_generated|sign_div_unsign_fkh:divider|alt_u_div_21f:divider|add_sub_0_result_int[1]~5'
        Info: 4: + IC(0.335 ns) + CELL(0.154 ns) = 1.318 ns; Loc. = LCCOMB_X33_Y12_N24; Fanout = 4; COMB Node = 'My_ckt_1:U1|lpm_divide:Mod0|lpm_divide_a6m:auto_generated|sign_div_unsign_fkh:divider|alt_u_div_21f:divider|selnose[0]'
        Info: 5: + IC(0.217 ns) + CELL(0.172 ns) = 1.707 ns; Loc. = LCCOMB_X33_Y12_N18; Fanout = 1; COMB Node = 'My_ckt_1:U1|lpm_divide:Mod0|lpm_divide_a6m:auto_generated|sign_div_unsign_fkh:divider|alt_u_div_21f:divider|add_sub_1_result_int[1]~7'
        Info: 6: + IC(0.000 ns) + CELL(0.312 ns) = 2.019 ns; Loc. = LCCOMB_X33_Y12_N20; Fanout = 1; COMB Node = 'My_ckt_1:U1|lpm_divide:Mod0|lpm_divide_a6m:auto_generated|sign_div_unsign_fkh:divider|alt_u_div_21f:divider|add_sub_1_result_int[2]~9'
        Info: 7: + IC(0.270 ns) + CELL(0.053 ns) = 2.342 ns; Loc. = LCCOMB_X33_Y12_N12; Fanout = 9; COMB Node = 'My_ckt_1:U1|lpm_divide:Mod0|lpm_divide_a6m:auto_generated|sign_div_unsign_fkh:divider|alt_u_div_21f:divider|selnose[9]'
        Info: 8: + IC(0.230 ns) + CELL(0.350 ns) = 2.922 ns; Loc. = LCCOMB_X33_Y12_N2; Fanout = 2; COMB Node = 'My_ckt_1:U1|lpm_divide:Mod0|lpm_divide_a6m:auto_generated|sign_div_unsign_fkh:divider|alt_u_div_21f:divider|add_sub_2_result_int[1]~6'
        Info: 9: + IC(0.000 ns) + CELL(0.035 ns) = 2.957 ns; Loc. = LCCOMB_X33_Y12_N4; Fanout = 1; COMB Node = 'My_ckt_1:U1|lpm_divide:Mod0|lpm_divide_a6m:auto_generated|sign_div_unsign_fkh:divider|alt_u_div_21f:divider|add_sub_2_result_int[2]~10'
        Info: 10: + IC(0.000 ns) + CELL(0.125 ns) = 3.082 ns; Loc. = LCCOMB_X33_Y12_N6; Fanout = 7; COMB Node = 'My_ckt_1:U1|lpm_divide:Mod0|lpm_divide_a6m:auto_generated|sign_div_unsign_fkh:divider|alt_u_div_21f:divider|add_sub_2_result_int[3]~13'
        Info: 11: + IC(0.572 ns) + CELL(0.516 ns) = 4.170 ns; Loc. = LCCOMB_X31_Y12_N8; Fanout = 2; COMB Node = 'My_ckt_1:U1|lpm_divide:Mod0|lpm_divide_a6m:auto_generated|sign_div_unsign_fkh:divider|alt_u_div_21f:divider|op_4~10'
        Info: 12: + IC(0.000 ns) + CELL(0.035 ns) = 4.205 ns; Loc. = LCCOMB_X31_Y12_N10; Fanout = 2; COMB Node = 'My_ckt_1:U1|lpm_divide:Mod0|lpm_divide_a6m:auto_generated|sign_div_unsign_fkh:divider|alt_u_div_21f:divider|op_4~14'
        Info: 13: + IC(0.000 ns) + CELL(0.035 ns) = 4.240 ns; Loc. = LCCOMB_X31_Y12_N12; Fanout = 1; COMB Node = 'My_ckt_1:U1|lpm_divide:Mod0|lpm_divide_a6m:auto_generated|sign_div_unsign_fkh:divider|alt_u_div_21f:divider|op_4~18'
        Info: 14: + IC(0.000 ns) + CELL(0.125 ns) = 4.365 ns; Loc. = LCCOMB_X31_Y12_N14; Fanout = 9; COMB Node = 'My_ckt_1:U1|lpm_divide:Mod0|lpm_divide_a6m:auto_generated|sign_div_unsign_fkh:divider|alt_u_div_21f:divider|op_4~21'
        Info: 15: + IC(0.590 ns) + CELL(0.516 ns) = 5.471 ns; Loc. = LCCOMB_X34_Y12_N12; Fanout = 2; COMB Node = 'My_ckt_1:U1|lpm_divide:Mod0|lpm_divide_a6m:auto_generated|sign_div_unsign_fkh:divider|alt_u_div_21f:divider|op_5~10'
        Info: 16: + IC(0.000 ns) + CELL(0.124 ns) = 5.595 ns; Loc. = LCCOMB_X34_Y12_N14; Fanout = 2; COMB Node = 'My_ckt_1:U1|lpm_divide:Mod0|lpm_divide_a6m:auto_generated|sign_div_unsign_fkh:divider|alt_u_div_21f:divider|op_5~14'
        Info: 17: + IC(0.000 ns) + CELL(0.035 ns) = 5.630 ns; Loc. = LCCOMB_X34_Y12_N16; Fanout = 2; COMB Node = 'My_ckt_1:U1|lpm_divide:Mod0|lpm_divide_a6m:auto_generated|sign_div_unsign_fkh:divider|alt_u_div_21f:divider|op_5~18'
        Info: 18: + IC(0.000 ns) + CELL(0.035 ns) = 5.665 ns; Loc. = LCCOMB_X34_Y12_N18; Fanout = 1; COMB Node = 'My_ckt_1:U1|lpm_divide:Mod0|lpm_divide_a6m:auto_generated|sign_div_unsign_fkh:divider|alt_u_div_21f:divider|op_5~22'
        Info: 19: + IC(0.000 ns) + CELL(0.125 ns) = 5.790 ns; Loc. = LCCOMB_X34_Y12_N20; Fanout = 10; COMB Node = 'My_ckt_1:U1|lpm_divide:Mod0|lpm_divide_a6m:auto_generated|sign_div_unsign_fkh:divider|alt_u_div_21f:divider|op_5~25'
        Info: 20: + IC(0.414 ns) + CELL(0.545 ns) = 6.749 ns; Loc. = LCCOMB_X35_Y12_N16; Fanout = 2; COMB Node = 'My_ckt_1:U1|lpm_divide:Mod0|lpm_divide_a6m:auto_generated|sign_div_unsign_fkh:divider|alt_u_div_21f:divider|op_6~10'
        Info: 21: + IC(0.000 ns) + CELL(0.035 ns) = 6.784 ns; Loc. = LCCOMB_X35_Y12_N18; Fanout = 2; COMB Node = 'My_ckt_1:U1|lpm_divide:Mod0|lpm_divide_a6m:auto_generated|sign_div_unsign_fkh:divider|alt_u_div_21f:divider|op_6~14'
        Info: 22: + IC(0.000 ns) + CELL(0.035 ns) = 6.819 ns; Loc. = LCCOMB_X35_Y12_N20; Fanout = 2; COMB Node = 'My_ckt_1:U1|lpm_divide:Mod0|lpm_divide_a6m:auto_generated|sign_div_unsign_fkh:divider|alt_u_div_21f:divider|op_6~18'
        Info: 23: + IC(0.000 ns) + CELL(0.035 ns) = 6.854 ns; Loc. = LCCOMB_X35_Y12_N22; Fanout = 2; COMB Node = 'My_ckt_1:U1|lpm_divide:Mod0|lpm_divide_a6m:auto_generated|sign_div_unsign_fkh:divider|alt_u_div_21f:divider|op_6~22'
        Info: 24: + IC(0.000 ns) + CELL(0.035 ns) = 6.889 ns; Loc. = LCCOMB_X35_Y12_N24; Fanout = 1; COMB Node = 'My_ckt_1:U1|lpm_divide:Mod0|lpm_divide_a6m:auto_generated|sign_div_unsign_fkh:divider|alt_u_div_21f:divider|op_6~26'
        Info: 25: + IC(0.000 ns) + CELL(0.125 ns) = 7.014 ns; Loc. = LCCOMB_X35_Y12_N26; Fanout = 11; COMB Node = 'My_ckt_1:U1|lpm_divide:Mod0|lpm_divide_a6m:auto_generated|sign_div_unsign_fkh:divider|alt_u_div_21f:divider|op_6~29'
        Info: 26: + IC(0.614 ns) + CELL(0.225 ns) = 7.853 ns; Loc. = LCCOMB_X35_Y10_N20; Fanout = 5; COMB Node = 'My_ckt_1:U1|lpm_divide:Mod0|lpm_divide_a6m:auto_generated|sign_div_unsign_fkh:divider|alt_u_div_21f:divider|StageOut[42]~140'
        Info: 27: + IC(0.318 ns) + CELL(0.309 ns) = 8.480 ns; Loc. = LCCOMB_X34_Y10_N8; Fanout = 2; COMB Node = 'My_ckt_1:U1|lpm_divide:Mod0|lpm_divide_a6m:auto_generated|sign_div_unsign_fkh:divider|alt_u_div_21f:divider|op_7~18'
        Info: 28: + IC(0.000 ns) + CELL(0.035 ns) = 8.515 ns; Loc. = LCCOMB_X34_Y10_N10; Fanout = 2; COMB Node = 'My_ckt_1:U1|lpm_divide:Mod0|lpm_divide_a6m:auto_generated|sign_div_unsign_fkh:divider|alt_u_div_21f:divider|op_7~22'
        Info: 29: + IC(0.000 ns) + CELL(0.035 ns) = 8.550 ns; Loc. = LCCOMB_X34_Y10_N12; Fanout = 2; COMB Node = 'My_ckt_1:U1|lpm_divide:Mod0|lpm_divide_a6m:auto_generated|sign_div_unsign_fkh:divider|alt_u_div_21f:divider|op_7~26'
        Info: 30: + IC(0.000 ns) + CELL(0.124 ns) = 8.674 ns; Loc. = LCCOMB_X34_Y10_N14; Fanout = 1; COMB Node = 'My_ckt_1:U1|lpm_divide:Mod0|lpm_divide_a6m:auto_generated|sign_div_unsign_fkh:divider|alt_u_div_21f:divider|op_7~30'
        Info: 31: + IC(0.000 ns) + CELL(0.125 ns) = 8.799 ns; Loc. = LCCOMB_X34_Y10_N16; Fanout = 14; COMB Node = 'My_ckt_1:U1|lpm_divide:Mod0|lpm_divide_a6m:auto_generated|sign_div_unsign_fkh:divider|alt_u_div_21f:divider|op_7~33'
        Info: 32: + IC(0.605 ns) + CELL(0.154 ns) = 9.558 ns; Loc. = LCCOMB_X33_Y11_N10; Fanout = 3; COMB Node = 'My_ckt_1:U1|lpm_divide:Mod0|lpm_divide_a6m:auto_generated|sign_div_unsign_fkh:divider|alt_u_div_21f:divider|StageOut[52]~142'
        Info: 33: + IC(0.309 ns) + CELL(0.350 ns) = 10.217 ns; Loc. = LCCOMB_X34_Y11_N12; Fanout = 2; COMB Node = 'My_ckt_1:U1|lpm_divide:Mod0|lpm_divide_a6m:auto_generated|sign_div_unsign_fkh:divider|alt_u_div_21f:divider|op_8~26'
        Info: 34: + IC(0.000 ns) + CELL(0.124 ns) = 10.341 ns; Loc. = LCCOMB_X34_Y11_N14; Fanout = 2; COMB Node = 'My_ckt_1:U1|lpm_divide:Mod0|lpm_divide_a6m:auto_generated|sign_div_unsign_fkh:divider|alt_u_div_21f:divider|op_8~30'
        Info: 35: + IC(0.000 ns) + CELL(0.035 ns) = 10.376 ns; Loc. = LCCOMB_X34_Y11_N16; Fanout = 1; COMB Node = 'My_ckt_1:U1|lpm_divide:Mod0|lpm_divide_a6m:auto_generated|sign_div_unsign_fkh:divider|alt_u_div_21f:divider|op_8~34'
        Info: 36: + IC(0.000 ns) + CELL(0.125 ns) = 10.501 ns; Loc. = LCCOMB_X34_Y11_N18; Fanout = 8; COMB Node = 'My_ckt_1:U1|lpm_divide:Mod0|lpm_divide_a6m:auto_generated|sign_div_unsign_fkh:divider|alt_u_div_21f:divider|op_8~37'
        Info: 37: + IC(0.781 ns) + CELL(0.225 ns) = 11.507 ns; Loc. = LCCOMB_X35_Y10_N26; Fanout = 1; COMB Node = 'My_ckt_1:U1|lpm_divide:Mod0|lpm_divide_a6m:auto_generated|sign_div_unsign_fkh:divider|alt_u_div_21f:divider|StageOut[63]~152'
        Info: 38: + IC(0.203 ns) + CELL(0.053 ns) = 11.763 ns; Loc. = LCCOMB_X35_Y10_N4; Fanout = 1; COMB Node = 'My_ckt_1:U1|Mux8~0'
        Info: 39: + IC(0.000 ns) + CELL(0.155 ns) = 11.918 ns; Loc. = LCFF_X35_Y10_N5; Fanout = 1; REG Node = 'D_FF:DFF_Y|Q[7]'
        Info: Total cell delay = 6.206 ns ( 52.07 % )
        Info: Total interconnect delay = 5.712 ns ( 47.93 % )
    Info: - Smallest clock skew is -0.003 ns
        Info: + Shortest clock path from clock "clk" to destination register is 2.490 ns
            Info: 1: + IC(0.000 ns) + CELL(0.854 ns) = 0.854 ns; Loc. = PIN_N20; Fanout = 1; CLK Node = 'clk'
            Info: 2: + IC(0.343 ns) + CELL(0.000 ns) = 1.197 ns; Loc. = CLKCTRL_G3; Fanout = 50; COMB Node = 'clk~clkctrl'
            Info: 3: + IC(0.675 ns) + CELL(0.618 ns) = 2.490 ns; Loc. = LCFF_X35_Y10_N5; Fanout = 1; REG Node = 'D_FF:DFF_Y|Q[7]'
            Info: Total cell delay = 1.472 ns ( 59.12 % )
            Info: Total interconnect delay = 1.018 ns ( 40.88 % )
        Info: - Longest clock path from clock "clk" to source register is 2.493 ns
            Info: 1: + IC(0.000 ns) + CELL(0.854 ns) = 0.854 ns; Loc. = PIN_N20; Fanout = 1; CLK Node = 'clk'
            Info: 2: + IC(0.343 ns) + CELL(0.000 ns) = 1.197 ns; Loc. = CLKCTRL_G3; Fanout = 50; COMB Node = 'clk~clkctrl'
            Info: 3: + IC(0.678 ns) + CELL(0.618 ns) = 2.493 ns; Loc. = LCFF_X34_Y12_N7; Fanout = 8; REG Node = 'D_FF:DFF_A|Q[7]~_Duplicate_1'
            Info: Total cell delay = 1.472 ns ( 59.05 % )
            Info: Total interconnect delay = 1.021 ns ( 40.95 % )
    Info: + Micro clock to output delay of source is 0.094 ns
    Info: + Micro setup delay of destination is 0.090 ns
Info: tsu for register "D_FF:DFF_B|Q[2]~_Duplicate_1" (data pin = "B[2]", clock pin = "clk") is 3.804 ns
    Info: + Longest pin to register delay is 6.206 ns
        Info: 1: + IC(0.000 ns) + CELL(0.857 ns) = 0.857 ns; Loc. = PIN_Y18; Fanout = 2; PIN Node = 'B[2]'
        Info: 2: + IC(5.040 ns) + CELL(0.309 ns) = 6.206 ns; Loc. = LCFF_X33_Y12_N27; Fanout = 19; REG Node = 'D_FF:DFF_B|Q[2]~_Duplicate_1'
        Info: Total cell delay = 1.166 ns ( 18.79 % )
        Info: Total interconnect delay = 5.040 ns ( 81.21 % )
    Info: + Micro setup delay of destination is 0.090 ns
    Info: - Shortest clock path from clock "clk" to destination register is 2.492 ns
        Info: 1: + IC(0.000 ns) + CELL(0.854 ns) = 0.854 ns; Loc. = PIN_N20; Fanout = 1; CLK Node = 'clk'
        Info: 2: + IC(0.343 ns) + CELL(0.000 ns) = 1.197 ns; Loc. = CLKCTRL_G3; Fanout = 50; COMB Node = 'clk~clkctrl'
        Info: 3: + IC(0.677 ns) + CELL(0.618 ns) = 2.492 ns; Loc. = LCFF_X33_Y12_N27; Fanout = 19; REG Node = 'D_FF:DFF_B|Q[2]~_Duplicate_1'
        Info: Total cell delay = 1.472 ns ( 59.07 % )
        Info: Total interconnect delay = 1.020 ns ( 40.93 % )
Info: tco from clock "clk" to destination pin "Y[0]" through register "D_FF:DFF_Y|Q[0]" is 7.412 ns
    Info: + Longest clock path from clock "clk" to source register is 2.490 ns
        Info: 1: + IC(0.000 ns) + CELL(0.854 ns) = 0.854 ns; Loc. = PIN_N20; Fanout = 1; CLK Node = 'clk'
        Info: 2: + IC(0.343 ns) + CELL(0.000 ns) = 1.197 ns; Loc. = CLKCTRL_G3; Fanout = 50; COMB Node = 'clk~clkctrl'
        Info: 3: + IC(0.675 ns) + CELL(0.618 ns) = 2.490 ns; Loc. = LCFF_X33_Y11_N1; Fanout = 1; REG Node = 'D_FF:DFF_Y|Q[0]'
        Info: Total cell delay = 1.472 ns ( 59.12 % )
        Info: Total interconnect delay = 1.018 ns ( 40.88 % )
    Info: + Micro clock to output delay of source is 0.094 ns
    Info: + Longest register to pin delay is 4.828 ns
        Info: 1: + IC(0.000 ns) + CELL(0.000 ns) = 0.000 ns; Loc. = LCFF_X33_Y11_N1; Fanout = 1; REG Node = 'D_FF:DFF_Y|Q[0]'
        Info: 2: + IC(2.724 ns) + CELL(2.104 ns) = 4.828 ns; Loc. = PIN_L16; Fanout = 0; PIN Node = 'Y[0]'
        Info: Total cell delay = 2.104 ns ( 43.58 % )
        Info: Total interconnect delay = 2.724 ns ( 56.42 % )
Info: th for register "D_FF:DFF_B|Q[6]~_Duplicate_1" (data pin = "B[6]", clock pin = "clk") is -2.407 ns
    Info: + Longest clock path from clock "clk" to destination register is 2.491 ns
        Info: 1: + IC(0.000 ns) + CELL(0.854 ns) = 0.854 ns; Loc. = PIN_N20; Fanout = 1; CLK Node = 'clk'
        Info: 2: + IC(0.343 ns) + CELL(0.000 ns) = 1.197 ns; Loc. = CLKCTRL_G3; Fanout = 50; COMB Node = 'clk~clkctrl'
        Info: 3: + IC(0.676 ns) + CELL(0.618 ns) = 2.491 ns; Loc. = LCFF_X34_Y11_N27; Fanout = 14; REG Node = 'D_FF:DFF_B|Q[6]~_Duplicate_1'
        Info: Total cell delay = 1.472 ns ( 59.09 % )
        Info: Total interconnect delay = 1.019 ns ( 40.91 % )
    Info: + Micro hold delay of destination is 0.149 ns
    Info: - Shortest pin to register delay is 5.047 ns
        Info: 1: + IC(0.000 ns) + CELL(0.790 ns) = 0.790 ns; Loc. = PIN_N8; Fanout = 2; PIN Node = 'B[6]'
        Info: 2: + IC(3.948 ns) + CELL(0.309 ns) = 5.047 ns; Loc. = LCFF_X34_Y11_N27; Fanout = 14; REG Node = 'D_FF:DFF_B|Q[6]~_Duplicate_1'
        Info: Total cell delay = 1.099 ns ( 21.78 % )
        Info: Total interconnect delay = 3.948 ns ( 78.22 % )
Info: Quartus II Classic Timing Analyzer was successful. 0 errors, 1 warning
    Info: Peak virtual memory: 200 megabytes
    Info: Processing ended: Sun Apr 20 15:13:12 2025
    Info: Elapsed time: 00:00:00
    Info: Total CPU time (on all processors): 00:00:00


