Analysis & Synthesis report for hw2
Sun Apr 20 15:13:07 2025
Quartus II Version 9.0 Build 235 06/17/2009 Service Pack 2 SJ Web Edition


---------------------
; Table of Contents ;
---------------------
  1. Legal Notice
  2. Analysis & Synthesis Summary
  3. Analysis & Synthesis Settings
  4. Analysis & Synthesis Source Files Read
  5. Analysis & Synthesis Resource Usage Summary
  6. Analysis & Synthesis Resource Utilization by Entity
  7. Analysis & Synthesis DSP Block Usage Summary
  8. General Register Statistics
  9. Multiplexer Restructuring Statistics (Restructuring Performed)
 10. Parameter Settings for Inferred Entity Instance: My_ckt_1:U1|lpm_mult:Mult0
 11. Parameter Settings for Inferred Entity Instance: My_ckt_1:U1|lpm_divide:Mod0
 12. lpm_mult Parameter Settings by Entity Instance
 13. Analysis & Synthesis Messages



----------------
; Legal Notice ;
----------------
Copyright (C) 1991-2009 Altera Corporation
Your use of Altera Corporation's design tools, logic functions 
and other software and tools, and its AMPP partner logic 
functions, and any output files from any of the foregoing 
(including device programming or simulation files), and any 
associated documentation or information are expressly subject 
to the terms and conditions of the Altera Program License 
Subscription Agreement, Altera MegaCore Function License 
Agreement, or other applicable license agreement, including, 
without limitation, that your use is for the sole purpose of 
programming logic devices manufactured by Altera and sold by 
Altera or its authorized distributors.  Please refer to the 
applicable agreement for further details.



+------------------------------------------------------------------------------+
; Analysis & Synthesis Summary                                                 ;
+-------------------------------+----------------------------------------------+
; Analysis & Synthesis Status   ; Successful - Sun Apr 20 15:13:07 2025        ;
; Quartus II Version            ; 9.0 Build 235 06/17/2009 SP 2 SJ Web Edition ;
; Revision Name                 ; hw2                                          ;
; Top-level Entity Name         ; My_ckt_2                                     ;
; Family                        ; Stratix II                                   ;
; Logic utilization             ; N/A                                          ;
;     Combinational ALUTs       ; 105                                          ;
;     Dedicated logic registers ; 34                                           ;
; Total registers               ; 34                                           ;
; Total pins                    ; 35                                           ;
; Total virtual pins            ; 0                                            ;
; Total block memory bits       ; 0                                            ;
; DSP block 9-bit elements      ; 1                                            ;
; Total PLLs                    ; 0                                            ;
; Total DLLs                    ; 0                                            ;
+-------------------------------+----------------------------------------------+


+--------------------------------------------------------------------------------------------------------+
; Analysis & Synthesis Settings                                                                          ;
+--------------------------------------------------------------+--------------------+--------------------+
; Option                                                       ; Setting            ; Default Value      ;
+--------------------------------------------------------------+--------------------+--------------------+
; Top-level entity name                                        ; My_ckt_2           ; hw2                ;
; Family name                                                  ; Stratix II         ; Stratix II         ;
; Use Generated Physical Constraints File                      ; Off                ;                    ;
; Use smart compilation                                        ; Off                ; Off                ;
; Restructure Multiplexers                                     ; Auto               ; Auto               ;
; Create Debugging Nodes for IP Cores                          ; Off                ; Off                ;
; Preserve fewer node names                                    ; On                 ; On                 ;
; Disable OpenCore Plus hardware evaluation                    ; Off                ; Off                ;
; Verilog Version                                              ; Verilog_2001       ; Verilog_2001       ;
; VHDL Version                                                 ; VHDL93             ; VHDL93             ;
; State Machine Processing                                     ; Auto               ; Auto               ;
; Safe State Machine                                           ; Off                ; Off                ;
; Extract Verilog State Machines                               ; On                 ; On                 ;
; Extract VHDL State Machines                                  ; On                 ; On                 ;
; Ignore Verilog initial constructs                            ; Off                ; Off                ;
; Iteration limit for constant Verilog loops                   ; 5000               ; 5000               ;
; Iteration limit for non-constant Verilog loops               ; 250                ; 250                ;
; Add Pass-Through Logic to Inferred RAMs                      ; On                 ; On                 ;
; Parallel Synthesis                                           ; Off                ; Off                ;
; DSP Block Balancing                                          ; Auto               ; Auto               ;
; NOT Gate Push-Back                                           ; On                 ; On                 ;
; Power-Up Don't Care                                          ; On                 ; On                 ;
; Remove Redundant Logic Cells                                 ; Off                ; Off                ;
; Remove Duplicate Registers                                   ; On                 ; On                 ;
; Ignore CARRY Buffers                                         ; Off                ; Off                ;
; Ignore CASCADE Buffers                                       ; Off                ; Off                ;
; Ignore GLOBAL Buffers                                        ; Off                ; Off                ;
; Ignore ROW GLOBAL Buffers                                    ; Off                ; Off                ;
; Ignore LCELL Buffers                                         ; Off                ; Off                ;
; Ignore SOFT Buffers                                          ; On                 ; On                 ;
; Limit AHDL Integers to 32 Bits                               ; Off                ; Off                ;
; Optimization Technique                                       ; Balanced           ; Balanced           ;
; Carry Chain Length                                           ; 70                 ; 70                 ;
; Auto Carry Chains                                            ; On                 ; On                 ;
; Auto Open-Drain Pins                                         ; On                 ; On                 ;
; Perform WYSIWYG Primitive Resynthesis                        ; Off                ; Off                ;
; Auto ROM Replacement                                         ; On                 ; On                 ;
; Auto RAM Replacement                                         ; On                 ; On                 ;
; Auto DSP Block Replacement                                   ; On                 ; On                 ;
; Auto Shift Register Replacement                              ; Auto               ; Auto               ;
; Auto Clock Enable Replacement                                ; On                 ; On                 ;
; Strict RAM Replacement                                       ; Off                ; Off                ;
; Allow Synchronous Control Signals                            ; On                 ; On                 ;
; Force Use of Synchronous Clear Signals                       ; Off                ; Off                ;
; Auto RAM Block Balancing                                     ; On                 ; On                 ;
; Auto RAM to Logic Cell Conversion                            ; Off                ; Off                ;
; Auto Resource Sharing                                        ; Off                ; Off                ;
; Allow Any RAM Size For Recognition                           ; Off                ; Off                ;
; Allow Any ROM Size For Recognition                           ; Off                ; Off                ;
; Allow Any Shift Register Size For Recognition                ; Off                ; Off                ;
; Use LogicLock Constraints during Resource Balancing          ; On                 ; On                 ;
; Ignore translate_off and synthesis_off directives            ; Off                ; Off                ;
; Timing-Driven Synthesis                                      ; Off                ; Off                ;
; Show Parameter Settings Tables in Synthesis Report           ; On                 ; On                 ;
; Ignore Maximum Fan-Out Assignments                           ; Off                ; Off                ;
; Synchronization Register Chain Length                        ; 2                  ; 2                  ;
; PowerPlay Power Optimization                                 ; Normal compilation ; Normal compilation ;
; HDL message level                                            ; Level2             ; Level2             ;
; Suppress Register Optimization Related Messages              ; Off                ; Off                ;
; Number of Removed Registers Reported in Synthesis Report     ; 100                ; 100                ;
; Number of Inverted Registers Reported in Synthesis Report    ; 100                ; 100                ;
; Clock MUX Protection                                         ; On                 ; On                 ;
; Auto Gated Clock Conversion                                  ; Off                ; Off                ;
; Block Design Naming                                          ; Auto               ; Auto               ;
; SDC constraint protection                                    ; Off                ; Off                ;
; Synthesis Effort                                             ; Auto               ; Auto               ;
; Shift Register Replacement - Allow Asynchronous Clear Signal ; On                 ; On                 ;
; Analysis & Synthesis Message Level                           ; Medium             ; Medium             ;
+--------------------------------------------------------------+--------------------+--------------------+


+---------------------------------------------------------------------------------------------------------------------------------------------------------+
; Analysis & Synthesis Source Files Read                                                                                                                  ;
+----------------------------------+-----------------+------------------------------+---------------------------------------------------------------------+
; File Name with User-Entered Path ; Used in Netlist ; File Type                    ; File Name with Absolute Path                                        ;
+----------------------------------+-----------------+------------------------------+---------------------------------------------------------------------+
; My_ckt_1.vhd                     ; yes             ; User VHDL File               ; D:/00 A-法l俯/VLSI/hw2/My_ckt_1.vhd                                ;
; D_FF.vhd                         ; yes             ; User VHDL File               ; D:/00 A-法l俯/VLSI/hw2/D_FF.vhd                                    ;
; My_ckt_2.vhd                     ; yes             ; User VHDL File               ; D:/00 A-法l俯/VLSI/hw2/My_ckt_2.vhd                                ;
; lpm_mult.tdf                     ; yes             ; Megafunction                 ; c:/altera/90sp2/quartus/libraries/megafunctions/lpm_mult.tdf        ;
; aglobal90.inc                    ; yes             ; Megafunction                 ; c:/altera/90sp2/quartus/libraries/megafunctions/aglobal90.inc       ;
; lpm_add_sub.inc                  ; yes             ; Megafunction                 ; c:/altera/90sp2/quartus/libraries/megafunctions/lpm_add_sub.inc     ;
; multcore.inc                     ; yes             ; Megafunction                 ; c:/altera/90sp2/quartus/libraries/megafunctions/multcore.inc        ;
; bypassff.inc                     ; yes             ; Megafunction                 ; c:/altera/90sp2/quartus/libraries/megafunctions/bypassff.inc        ;
; altshift.inc                     ; yes             ; Megafunction                 ; c:/altera/90sp2/quartus/libraries/megafunctions/altshift.inc        ;
; db/mult_et01.tdf                 ; yes             ; Auto-Generated Megafunction  ; D:/00 A-法l俯/VLSI/hw2/db/mult_et01.tdf                            ;
; lpm_divide.tdf                   ; yes             ; Megafunction                 ; c:/altera/90sp2/quartus/libraries/megafunctions/lpm_divide.tdf      ;
; abs_divider.inc                  ; yes             ; Megafunction                 ; c:/altera/90sp2/quartus/libraries/megafunctions/abs_divider.inc     ;
; sign_div_unsign.inc              ; yes             ; Megafunction                 ; c:/altera/90sp2/quartus/libraries/megafunctions/sign_div_unsign.inc ;
; db/lpm_divide_a6m.tdf            ; yes             ; Auto-Generated Megafunction  ; D:/00 A-法l俯/VLSI/hw2/db/lpm_divide_a6m.tdf                       ;
; db/sign_div_unsign_fkh.tdf       ; yes             ; Auto-Generated Megafunction  ; D:/00 A-法l俯/VLSI/hw2/db/sign_div_unsign_fkh.tdf                  ;
; db/alt_u_div_21f.tdf             ; yes             ; Auto-Generated Megafunction  ; D:/00 A-法l俯/VLSI/hw2/db/alt_u_div_21f.tdf                        ;
+----------------------------------+-----------------+------------------------------+---------------------------------------------------------------------+


+-------------------------------------------------------+
; Analysis & Synthesis Resource Usage Summary           ;
+-----------------------------------------------+-------+
; Resource                                      ; Usage ;
+-----------------------------------------------+-------+
; Estimated ALUTs Used                          ; 105   ;
; Dedicated logic registers                     ; 34    ;
;                                               ;       ;
; Estimated ALUTs Unavailable                   ; 10    ;
;                                               ;       ;
; Total combinational functions                 ; 105   ;
; Combinational ALUT usage by number of inputs  ;       ;
;     -- 7 input functions                      ; 8     ;
;     -- 6 input functions                      ; 5     ;
;     -- 5 input functions                      ; 26    ;
;     -- 4 input functions                      ; 6     ;
;     -- <=3 input functions                    ; 60    ;
;                                               ;       ;
; Combinational ALUTs by mode                   ;       ;
;     -- normal mode                            ; 40    ;
;     -- extended LUT mode                      ; 8     ;
;     -- arithmetic mode                        ; 48    ;
;     -- shared arithmetic mode                 ; 9     ;
;                                               ;       ;
; Estimated ALUT/register pairs used            ; 131   ;
;                                               ;       ;
; Total registers                               ; 34    ;
;     -- Dedicated logic registers              ; 34    ;
;     -- I/O registers                          ; 0     ;
;                                               ;       ;
; Estimated ALMs:  partially or completely used ; 67    ;
;                                               ;       ;
; I/O pins                                      ; 35    ;
; DSP block 9-bit elements                      ; 1     ;
; Maximum fan-out node                          ; clk   ;
; Maximum fan-out                               ; 34    ;
; Total fan-out                                 ; 518   ;
; Average fan-out                               ; 2.94  ;
+-----------------------------------------------+-------+


+----------------------------------------------------------------------------------------------------------------------------------------------------------------------------------------------------------------------------------------------------------------------------------------------------------------+
; Analysis & Synthesis Resource Utilization by Entity                                                                                                                                                                                                                                                            ;
+-------------------------------------------+-------------------+--------------+-------------------+--------------+---------+-----------+-----------+------+--------------+-----------------------------------------------------------------------------------------------------------------------+--------------+
; Compilation Hierarchy Node                ; LC Combinationals ; LC Registers ; Block Memory Bits ; DSP Elements ; DSP 9x9 ; DSP 18x18 ; DSP 36x36 ; Pins ; Virtual Pins ; Full Hierarchy Name                                                                                                   ; Library Name ;
+-------------------------------------------+-------------------+--------------+-------------------+--------------+---------+-----------+-----------+------+--------------+-----------------------------------------------------------------------------------------------------------------------+--------------+
; |My_ckt_2                                 ; 105 (0)           ; 34 (0)       ; 0                 ; 1            ; 1       ; 0         ; 0         ; 35   ; 0            ; |My_ckt_2                                                                                                             ; work         ;
;    |D_FF:DFF_A|                           ; 0 (0)             ; 8 (8)        ; 0                 ; 0            ; 0       ; 0         ; 0         ; 0    ; 0            ; |My_ckt_2|D_FF:DFF_A                                                                                                  ; work         ;
;    |D_FF:DFF_B|                           ; 0 (0)             ; 8 (8)        ; 0                 ; 0            ; 0       ; 0         ; 0         ; 0    ; 0            ; |My_ckt_2|D_FF:DFF_B                                                                                                  ; work         ;
;    |D_FF:DFF_S|                           ; 0 (0)             ; 2 (2)        ; 0                 ; 0            ; 0       ; 0         ; 0         ; 0    ; 0            ; |My_ckt_2|D_FF:DFF_S                                                                                                  ; work         ;
;    |D_FF:DFF_Y|                           ; 5 (5)             ; 16 (16)      ; 0                 ; 0            ; 0       ; 0         ; 0         ; 0    ; 0            ; |My_ckt_2|D_FF:DFF_Y                                                                                                  ; work         ;
;    |My_ckt_1:U1|                          ; 100 (17)          ; 0 (0)        ; 0                 ; 1            ; 1       ; 0         ; 0         ; 0    ; 0            ; |My_ckt_2|My_ckt_1:U1                                                                                                 ; work         ;
;       |lpm_divide:Mod0|                   ; 83 (0)            ; 0 (0)        ; 0                 ; 0            ; 0       ; 0         ; 0         ; 0    ; 0            ; |My_ckt_2|My_ckt_1:U1|lpm_divide:Mod0                                                                                 ; work         ;
;          |lpm_divide_a6m:auto_generated|  ; 83 (0)            ; 0 (0)        ; 0                 ; 0            ; 0       ; 0         ; 0         ; 0    ; 0            ; |My_ckt_2|My_ckt_1:U1|lpm_divide:Mod0|lpm_divide_a6m:auto_generated                                                   ; work         ;
;             |sign_div_unsign_fkh:divider| ; 83 (0)            ; 0 (0)        ; 0                 ; 0            ; 0       ; 0         ; 0         ; 0    ; 0            ; |My_ckt_2|My_ckt_1:U1|lpm_divide:Mod0|lpm_divide_a6m:auto_generated|sign_div_unsign_fkh:divider                       ; work         ;
;                |alt_u_div_21f:divider|    ; 83 (83)           ; 0 (0)        ; 0                 ; 0            ; 0       ; 0         ; 0         ; 0    ; 0            ; |My_ckt_2|My_ckt_1:U1|lpm_divide:Mod0|lpm_divide_a6m:auto_generated|sign_div_unsign_fkh:divider|alt_u_div_21f:divider ; work         ;
;       |lpm_mult:Mult0|                    ; 0 (0)             ; 0 (0)        ; 0                 ; 1            ; 1       ; 0         ; 0         ; 0    ; 0            ; |My_ckt_2|My_ckt_1:U1|lpm_mult:Mult0                                                                                  ; work         ;
;          |mult_et01:auto_generated|       ; 0 (0)             ; 0 (0)        ; 0                 ; 1            ; 1       ; 0         ; 0         ; 0    ; 0            ; |My_ckt_2|My_ckt_1:U1|lpm_mult:Mult0|mult_et01:auto_generated                                                         ; work         ;
+-------------------------------------------+-------------------+--------------+-------------------+--------------+---------+-----------+-----------+------+--------------+-----------------------------------------------------------------------------------------------------------------------+--------------+
Note: For table entries with two numbers listed, the numbers in parentheses indicate the number of resources of the given type used by the specific entity alone. The numbers listed outside of parentheses indicate the total resources of the given type used by the specific entity and all of its sub-entities in the hierarchy.


+------------------------------------------------+
; Analysis & Synthesis DSP Block Usage Summary   ;
+----------------------------------+-------------+
; Statistic                        ; Number Used ;
+----------------------------------+-------------+
; Simple Multipliers (9-bit)       ; 1           ;
; Simple Multipliers (18-bit)      ; 0           ;
; Simple Multipliers (36-bit)      ; 0           ;
; Multiply Accumulators (18-bit)   ; 0           ;
; Two-Multipliers Adders (9-bit)   ; 0           ;
; Two-Multipliers Adders (18-bit)  ; 0           ;
; Four-Multipliers Adders (9-bit)  ; 0           ;
; Four-Multipliers Adders (18-bit) ; 0           ;
; Dynamic DSP Blocks               ; 0           ;
; DSP Blocks                       ; --          ;
; DSP Block 9-bit Elements         ; 1           ;
; Signed Multipliers               ; 0           ;
; Unsigned Multipliers             ; 1           ;
; Mixed Sign Multipliers           ; 0           ;
; Variable Sign Multipliers        ; 0           ;
; Dedicated Shift Register Chains  ; 0           ;
+----------------------------------+-------------+
Note: number of DSP Blocks used is only available after a successful fit.


+------------------------------------------------------+
; General Register Statistics                          ;
+----------------------------------------------+-------+
; Statistic                                    ; Value ;
+----------------------------------------------+-------+
; Total registers                              ; 34    ;
; Number of registers using Synchronous Clear  ; 16    ;
; Number of registers using Synchronous Load   ; 0     ;
; Number of registers using Asynchronous Clear ; 0     ;
; Number of registers using Asynchronous Load  ; 0     ;
; Number of registers using Clock Enable       ; 0     ;
; Number of registers using Preset             ; 0     ;
+----------------------------------------------+-------+


+------------------------------------------------------------------------------------------------------------------------------------------+
; Multiplexer Restructuring Statistics (Restructuring Performed)                                                                           ;
+--------------------+-----------+---------------+----------------------+------------------------+------------+----------------------------+
; Multiplexer Inputs ; Bus Width ; Baseline Area ; Area if Restructured ; Saving if Restructured ; Registered ; Example Multiplexer Output ;
+--------------------+-----------+---------------+----------------------+------------------------+------------+----------------------------+
; 5:1                ; 8 bits    ; 24 ALUTs      ; 16 ALUTs             ; 8 ALUTs                ; Yes        ; |My_ckt_2|D_FF:DFF_Y|Q[0]  ;
+--------------------+-----------+---------------+----------------------+------------------------+------------+----------------------------+


+-----------------------------------------------------------------------------------+
; Parameter Settings for Inferred Entity Instance: My_ckt_1:U1|lpm_mult:Mult0       ;
+------------------------------------------------+------------+---------------------+
; Parameter Name                                 ; Value      ; Type                ;
+------------------------------------------------+------------+---------------------+
; AUTO_CARRY_CHAINS                              ; ON         ; AUTO_CARRY          ;
; IGNORE_CARRY_BUFFERS                           ; OFF        ; IGNORE_CARRY        ;
; AUTO_CASCADE_CHAINS                            ; ON         ; AUTO_CASCADE        ;
; IGNORE_CASCADE_BUFFERS                         ; OFF        ; IGNORE_CASCADE      ;
; LPM_WIDTHA                                     ; 8          ; Untyped             ;
; LPM_WIDTHB                                     ; 8          ; Untyped             ;
; LPM_WIDTHP                                     ; 16         ; Untyped             ;
; LPM_WIDTHR                                     ; 16         ; Untyped             ;
; LPM_WIDTHS                                     ; 1          ; Untyped             ;
; LPM_REPRESENTATION                             ; UNSIGNED   ; Untyped             ;
; LPM_PIPELINE                                   ; 0          ; Untyped             ;
; LATENCY                                        ; 0          ; Untyped             ;
; INPUT_A_IS_CONSTANT                            ; NO         ; Untyped             ;
; INPUT_B_IS_CONSTANT                            ; NO         ; Untyped             ;
; USE_EAB                                        ; OFF        ; Untyped             ;
; MAXIMIZE_SPEED                                 ; 5          ; Untyped             ;
; DEVICE_FAMILY                                  ; Stratix II ; Untyped             ;
; CARRY_CHAIN                                    ; MANUAL     ; Untyped             ;
; APEX20K_TECHNOLOGY_MAPPER                      ; LUT        ; TECH_MAPPER_APEX20K ;
; DEDICATED_MULTIPLIER_CIRCUITRY                 ; AUTO       ; Untyped             ;
; DEDICATED_MULTIPLIER_MIN_INPUT_WIDTH_FOR_AUTO  ; 0          ; Untyped             ;
; DEDICATED_MULTIPLIER_MIN_OUTPUT_WIDTH_FOR_AUTO ; 0          ; Untyped             ;
; CBXI_PARAMETER                                 ; mult_et01  ; Untyped             ;
; INPUT_A_FIXED_VALUE                            ; Bx         ; Untyped             ;
; INPUT_B_FIXED_VALUE                            ; Bx         ; Untyped             ;
; USE_AHDL_IMPLEMENTATION                        ; OFF        ; Untyped             ;
+------------------------------------------------+------------+---------------------+
Note: In order to hide this table in the UI and the text report file, please set the "Show Parameter Settings Tables in Synthesis Report" option in "Analysis and Synthesis Settings -> More Settings" to "Off".


+------------------------------------------------------------------------------+
; Parameter Settings for Inferred Entity Instance: My_ckt_1:U1|lpm_divide:Mod0 ;
+------------------------+----------------+------------------------------------+
; Parameter Name         ; Value          ; Type                               ;
+------------------------+----------------+------------------------------------+
; LPM_WIDTHN             ; 8              ; Untyped                            ;
; LPM_WIDTHD             ; 8              ; Untyped                            ;
; LPM_NREPRESENTATION    ; UNSIGNED       ; Untyped                            ;
; LPM_DREPRESENTATION    ; UNSIGNED       ; Untyped                            ;
; LPM_PIPELINE           ; 0              ; Untyped                            ;
; LPM_REMAINDERPOSITIVE  ; TRUE           ; Untyped                            ;
; MAXIMIZE_SPEED         ; 5              ; Untyped                            ;
; CBXI_PARAMETER         ; lpm_divide_a6m ; Untyped                            ;
; CARRY_CHAIN            ; MANUAL         ; Untyped                            ;
; OPTIMIZE_FOR_SPEED     ; 5              ; Untyped                            ;
; AUTO_CARRY_CHAINS      ; ON             ; AUTO_CARRY                         ;
; IGNORE_CARRY_BUFFERS   ; OFF            ; IGNORE_CARRY                       ;
; AUTO_CASCADE_CHAINS    ; ON             ; AUTO_CASCADE                       ;
; IGNORE_CASCADE_BUFFERS ; OFF            ; IGNORE_CASCADE                     ;
+------------------------+----------------+------------------------------------+
Note: In order to hide this table in the UI and the text report file, please set the "Show Parameter Settings Tables in Synthesis Report" option in "Analysis and Synthesis Settings -> More Settings" to "Off".


+--------------------------------------------------------------------+
; lpm_mult Parameter Settings by Entity Instance                     ;
+---------------------------------------+----------------------------+
; Name                                  ; Value                      ;
+---------------------------------------+----------------------------+
; Number of entity instances            ; 1                          ;
; Entity Instance                       ; My_ckt_1:U1|lpm_mult:Mult0 ;
;     -- LPM_WIDTHA                     ; 8                          ;
;     -- LPM_WIDTHB                     ; 8                          ;
;     -- LPM_WIDTHP                     ; 16                         ;
;     -- LPM_REPRESENTATION             ; UNSIGNED                   ;
;     -- INPUT_A_IS_CONSTANT            ; NO                         ;
;     -- INPUT_B_IS_CONSTANT            ; NO                         ;
;     -- USE_EAB                        ; OFF                        ;
;     -- DEDICATED_MULTIPLIER_CIRCUITRY ; AUTO                       ;
;     -- INPUT_A_FIXED_VALUE            ; Bx                         ;
;     -- INPUT_B_FIXED_VALUE            ; Bx                         ;
+---------------------------------------+----------------------------+


+-------------------------------+
; Analysis & Synthesis Messages ;
+-------------------------------+
Info: *******************************************************************
Info: Running Quartus II Analysis & Synthesis
    Info: Version 9.0 Build 235 06/17/2009 Service Pack 2 SJ Web Edition
    Info: Processing started: Sun Apr 20 15:13:06 2025
Info: Command: quartus_map --read_settings_files=on --write_settings_files=off hw2 -c hw2
Info: Found 2 design units, including 1 entities, in source file My_ckt_1.vhd
    Info: Found design unit 1: My_ckt_1-Behavioral
    Info: Found entity 1: My_ckt_1
Info: Found 2 design units, including 1 entities, in source file D_FF.vhd
    Info: Found design unit 1: D_FF-Behavioral
    Info: Found entity 1: D_FF
Info: Found 2 design units, including 1 entities, in source file My_ckt_2.vhd
    Info: Found design unit 1: My_ckt_2-Structural
    Info: Found entity 1: My_ckt_2
Info: Elaborating entity "My_ckt_2" for the top level hierarchy
Info: Elaborating entity "D_FF" for hierarchy "D_FF:DFF_A"
Info: Elaborating entity "D_FF" for hierarchy "D_FF:DFF_S"
Info: Elaborating entity "D_FF" for hierarchy "D_FF:DFF_Y"
Info: Elaborating entity "My_ckt_1" for hierarchy "My_ckt_1:U1"
Info: Inferred 2 megafunctions from design logic
    Info: Inferred multiplier megafunction ("lpm_mult") from the following logic: "My_ckt_1:U1|Mult0"
    Info: Inferred divider/modulo megafunction ("lpm_divide") from the following logic: "My_ckt_1:U1|Mod0"
Info: Elaborated megafunction instantiation "My_ckt_1:U1|lpm_mult:Mult0"
Info: Instantiated megafunction "My_ckt_1:U1|lpm_mult:Mult0" with the following parameter:
    Info: Parameter "LPM_WIDTHA" = "8"
    Info: Parameter "LPM_WIDTHB" = "8"
    Info: Parameter "LPM_WIDTHP" = "16"
    Info: Parameter "LPM_WIDTHR" = "16"
    Info: Parameter "LPM_WIDTHS" = "1"
    Info: Parameter "LPM_REPRESENTATION" = "UNSIGNED"
    Info: Parameter "INPUT_A_IS_CONSTANT" = "NO"
    Info: Parameter "INPUT_B_IS_CONSTANT" = "NO"
    Info: Parameter "MAXIMIZE_SPEED" = "5"
    Info: Parameter "DEDICATED_MULTIPLIER_CIRCUITRY" = "AUTO"
Info: Found 1 design units, including 1 entities, in source file db/mult_et01.tdf
    Info: Found entity 1: mult_et01
Info: Elaborated megafunction instantiation "My_ckt_1:U1|lpm_divide:Mod0"
Info: Instantiated megafunction "My_ckt_1:U1|lpm_divide:Mod0" with the following parameter:
    Info: Parameter "LPM_WIDTHN" = "8"
    Info: Parameter "LPM_WIDTHD" = "8"
    Info: Parameter "LPM_NREPRESENTATION" = "UNSIGNED"
    Info: Parameter "LPM_DREPRESENTATION" = "UNSIGNED"
Info: Found 1 design units, including 1 entities, in source file db/lpm_divide_a6m.tdf
    Info: Found entity 1: lpm_divide_a6m
Info: Found 1 design units, including 1 entities, in source file db/sign_div_unsign_fkh.tdf
    Info: Found entity 1: sign_div_unsign_fkh
Info: Found 1 design units, including 1 entities, in source file db/alt_u_div_21f.tdf
    Info: Found entity 1: alt_u_div_21f
Info: Implemented 167 device resources after synthesis - the final resource count might be different
    Info: Implemented 19 input pins
    Info: Implemented 16 output pins
    Info: Implemented 131 logic cells
    Info: Implemented 1 DSP elements
Info: Quartus II Analysis & Synthesis was successful. 0 errors, 0 warnings
    Info: Peak virtual memory: 252 megabytes
    Info: Processing ended: Sun Apr 20 15:13:07 2025
    Info: Elapsed time: 00:00:01
    Info: Total CPU time (on all processors): 00:00:01


