Flow report for hw3
Wed May 07 16:05:48 2025
Quartus II Version 9.0 Build 235 06/17/2009 Service Pack 2 SJ Web Edition


---------------------
; Table of Contents ;
---------------------
  1. Legal Notice
  2. Flow Summary
  3. Flow Settings
  4. Flow Non-Default Global Settings
  5. Flow Elapsed Time
  6. Flow OS Summary
  7. Flow Log



----------------
; Legal Notice ;
----------------
Copyright (C) 1991-2009 Altera Corporation
Your use of Altera Corporation's design tools, logic functions 
and other software and tools, and its AMPP partner logic 
functions, and any output files from any of the foregoing 
(including device programming or simulation files), and any 
associated documentation or information are expressly subject 
to the terms and conditions of the Altera Program License 
Subscription Agreement, Altera MegaCore Function License 
Agreement, or other applicable license agreement, including, 
without limitation, that your use is for the sole purpose of 
programming logic devices manufactured by Altera and sold by 
Altera or its authorized distributors.  Please refer to the 
applicable agreement for further details.



+------------------------------------------------------------------------------+
; Flow Summary                                                                 ;
+-------------------------------+----------------------------------------------+
; Flow Status                   ; Successful - Wed May 07 16:05:48 2025        ;
; Quartus II Version            ; 9.0 Build 235 06/17/2009 SP 2 SJ Web Edition ;
; Revision Name                 ; hw3                                          ;
; Top-level Entity Name         ; dual_port_ram_LE                             ;
; Family                        ; Stratix II                                   ;
; Met timing requirements       ; Yes                                          ;
; Logic utilization             ; 0 %                                          ;
;     Combinational ALUTs       ; 0 / 12,480 ( 0 % )                           ;
;     Dedicated logic registers ; 0 / 12,480 ( 0 % )                           ;
; Total registers               ; 0                                            ;
; Total pins                    ; 84 / 343 ( 24 % )                            ;
; Total virtual pins            ; 0                                            ;
; Total block memory bits       ; 16,384 / 419,328 ( 4 % )                     ;
; DSP block 9-bit elements      ; 0 / 96 ( 0 % )                               ;
; Total PLLs                    ; 0 / 6 ( 0 % )                                ;
; Total DLLs                    ; 0 / 2 ( 0 % )                                ;
; Device                        ; EP2S15F484C3                                 ;
; Timing Models                 ; Final                                        ;
+-------------------------------+----------------------------------------------+


+-----------------------------------------+
; Flow Settings                           ;
+-------------------+---------------------+
; Option            ; Setting             ;
+-------------------+---------------------+
; Start date & time ; 05/07/2025 16:05:36 ;
; Main task         ; Compilation         ;
; Revision Name     ; hw3                 ;
+-------------------+---------------------+


+----------------------------------------------------------------------------------------------------------------------------+
; Flow Non-Default Global Settings                                                                                           ;
+--------------------------------------+---------------------------------+---------------+------------------+----------------+
; Assignment Name                      ; Value                           ; Default Value ; Entity Name      ; Section Id     ;
+--------------------------------------+---------------------------------+---------------+------------------+----------------+
; COMPILER_SIGNATURE_ID                ; 237785201707469.174660513615904 ; --            ; --               ; --             ;
; EDA_ENABLE_GLITCH_FILTERING          ; Off                             ; --            ; --               ; eda_simulation ;
; EDA_MAP_ILLEGAL_CHARACTERS           ; Off                             ; --            ; --               ; eda_simulation ;
; EDA_OUTPUT_DATA_FORMAT               ; Verilog Hdl                     ; --            ; --               ; eda_simulation ;
; EDA_SIMULATION_TOOL                  ; ModelSim-Altera (Verilog)       ; <None>        ; --               ; --             ;
; EDA_TEST_BENCH_DESIGN_INSTANCE_NAME  ; dual_port_ram_tb                ; --            ; --               ; eda_simulation ;
; EDA_TIME_SCALE                       ; 1 ps                            ; --            ; --               ; eda_simulation ;
; EDA_WRITE_NODES_FOR_POWER_ESTIMATION ; Off                             ; --            ; --               ; eda_simulation ;
; PARTITION_COLOR                      ; 16764057                        ; --            ; dual_port_ram_LE ; Top            ;
; PARTITION_NETLIST_TYPE               ; SOURCE                          ; --            ; dual_port_ram_LE ; Top            ;
; TOP_LEVEL_ENTITY                     ; dual_port_ram_LE                ; hw3           ; --               ; --             ;
; USE_GENERATED_PHYSICAL_CONSTRAINTS   ; Off                             ; --            ; --               ; eda_blast_fpga ;
+--------------------------------------+---------------------------------+---------------+------------------+----------------+


+-----------------------------------------------------------------------------------------------------------------------------+
; Flow Elapsed Time                                                                                                           ;
+-------------------------+--------------+-------------------------+---------------------+------------------------------------+
; Module Name             ; Elapsed Time ; Average Processors Used ; Peak Virtual Memory ; Total CPU Time (on all processors) ;
+-------------------------+--------------+-------------------------+---------------------+------------------------------------+
; Analysis & Synthesis    ; 00:00:02     ; 1.0                     ; 235 MB              ; 00:00:01                           ;
; Fitter                  ; 00:00:04     ; 1.0                     ; 296 MB              ; 00:00:02                           ;
; Assembler               ; 00:00:01     ; 1.0                     ; 252 MB              ; 00:00:01                           ;
; Classic Timing Analyzer ; 00:00:00     ; 1.0                     ; 186 MB              ; 00:00:00                           ;
; EDA Netlist Writer      ; 00:00:01     ; 1.0                     ; 175 MB              ; 00:00:00                           ;
; Total                   ; 00:00:08     ; --                      ; --                  ; 00:00:04                           ;
+-------------------------+--------------+-------------------------+---------------------+------------------------------------+


+------------------------------------------------------------------------------------------+
; Flow OS Summary                                                                          ;
+-------------------------+------------------+---------------+------------+----------------+
; Module Name             ; Machine Hostname ; OS Name       ; OS Version ; Processor type ;
+-------------------------+------------------+---------------+------------+----------------+
; Analysis & Synthesis    ; MSI              ; Windows Vista ; 6.2        ; x86_64         ;
; Fitter                  ; MSI              ; Windows Vista ; 6.2        ; x86_64         ;
; Assembler               ; MSI              ; Windows Vista ; 6.2        ; x86_64         ;
; Classic Timing Analyzer ; MSI              ; Windows Vista ; 6.2        ; x86_64         ;
; EDA Netlist Writer      ; MSI              ; Windows Vista ; 6.2        ; x86_64         ;
+-------------------------+------------------+---------------+------------+----------------+


------------
; Flow Log ;
------------
quartus_map --read_settings_files=on --write_settings_files=off hw3 -c hw3
quartus_fit --read_settings_files=off --write_settings_files=off hw3 -c hw3
quartus_asm --read_settings_files=off --write_settings_files=off hw3 -c hw3
quartus_tan --read_settings_files=off --write_settings_files=off hw3 -c hw3 --timing_analysis_only
quartus_eda --read_settings_files=off --write_settings_files=off hw3 -c hw3



